{"/app/api/index.js":{"path":"/app/api/index.js","statementMap":{"0":{"start":{"line":3,"column":29},"end":{"line":3,"column":84}},"1":{"start":{"line":5,"column":0},"end":{"line":7,"column":3}},"2":{"start":{"line":8,"column":0},"end":{"line":8,"column":28}},"3":{"start":{"line":10,"column":15},"end":{"line":10,"column":57}},"4":{"start":{"line":12,"column":18},"end":{"line":12,"column":64}},"5":{"start":{"line":14,"column":21},"end":{"line":14,"column":85}},"6":{"start":{"line":16,"column":19},"end":{"line":16,"column":81}},"7":{"start":{"line":18,"column":19},"end":{"line":18,"column":81}},"8":{"start":{"line":20,"column":22},"end":{"line":20,"column":87}},"9":{"start":{"line":22,"column":13},"end":{"line":22,"column":39}},"10":{"start":{"line":23,"column":0},"end":{"line":23,"column":42}},"11":{"start":{"line":24,"column":0},"end":{"line":26,"column":4}},"12":{"start":{"line":27,"column":11},"end":{"line":27,"column":35}},"13":{"start":{"line":28,"column":0},"end":{"line":28,"column":55}},"14":{"start":{"line":29,"column":0},"end":{"line":29,"column":51}},"15":{"start":{"line":30,"column":0},"end":{"line":30,"column":51}},"16":{"start":{"line":31,"column":0},"end":{"line":31,"column":59}},"17":{"start":{"line":32,"column":0},"end":{"line":36,"column":3}},"18":{"start":{"line":33,"column":2},"end":{"line":35,"column":5}},"19":{"start":{"line":37,"column":0},"end":{"line":39,"column":3}},"20":{"start":{"line":38,"column":2},"end":{"line":38,"column":57}},"21":{"start":{"line":40,"column":15},"end":{"line":40,"column":21}},"22":{"start":{"line":41,"column":0},"end":{"line":41,"column":30}}},"fnMap":{"0":{"name":"(anonymous_0)","decl":{"start":{"line":32,"column":16},"end":{"line":32,"column":17}},"loc":{"start":{"line":32,"column":36},"end":{"line":36,"column":1}},"line":32},"1":{"name":"(anonymous_1)","decl":{"start":{"line":37,"column":20},"end":{"line":37,"column":21}},"loc":{"start":{"line":37,"column":32},"end":{"line":39,"column":1}},"line":37}},"branchMap":{"0":{"loc":{"start":{"line":27,"column":11},"end":{"line":27,"column":35}},"type":"binary-expr","locations":[{"start":{"line":27,"column":11},"end":{"line":27,"column":27}},{"start":{"line":27,"column":31},"end":{"line":27,"column":35}}],"line":27}},"s":{"0":1,"1":1,"2":1,"3":1,"4":1,"5":1,"6":1,"7":1,"8":1,"9":1,"10":1,"11":1,"12":1,"13":1,"14":1,"15":1,"16":1,"17":1,"18":0,"19":1,"20":1,"21":1,"22":1},"f":{"0":0,"1":1},"b":{"0":[1,1]},"inputSourceMap":{"version":3,"sources":["index.js"],"names":["server","use","bodyParser","json","urlencoded","extended","port","process","env","PORT","productRoutes","orderRoutes","tableRoutes","orderItensRoutes","get","req","res","status","send","message","listen","console","log"],"mappings":";;;;;;;;;AAAA;;AACA;;AACA;;AACA;;AACA;;AACA;;AAEA,IAAMA,MAAM,GAAG,0BAAf;AAEAA,MAAM,CAACC,GAAP,CAAWC,uBAAWC,IAAX,EAAX;AACAH,MAAM,CAACC,GAAP,CAAWC,uBAAWE,UAAX,CAAsB;AAAEC,EAAAA,QAAQ,EAAE;AAAZ,CAAtB,CAAX;AAEA,IAAMC,IAAI,GAAGC,OAAO,CAACC,GAAR,CAAYC,IAAZ,IAAoB,IAAjC;AAEAT,MAAM,CAACC,GAAP,CAAW,eAAX,EAA4BS,yBAA5B;AACAV,MAAM,CAACC,GAAP,CAAW,aAAX,EAA0BU,uBAA1B;AACAX,MAAM,CAACC,GAAP,CAAW,aAAX,EAA0BW,uBAA1B;AACAZ,MAAM,CAACC,GAAP,CAAW,kBAAX,EAA+BY,0BAA/B;AAEAb,MAAM,CAACc,GAAP,CAAW,GAAX,EAAgB,UAACC,GAAD,EAAMC,GAAN;AAAA,SAAcA,GAAG,CAACC,MAAJ,CAAW,GAAX,EAAgBC,IAAhB,CAAqB;AAC/CC,IAAAA,OAAO,EAAE;AADsC,GAArB,CAAd;AAAA,CAAhB;AAIAnB,MAAM,CAACoB,MAAP,CAAcd,IAAd,EAAoB,YAAM;AACtBe,EAAAA,OAAO,CAACC,GAAR,qCAAyChB,IAAzC;AACH,CAFD;eAIeN,M","sourceRoot":"/app/api","sourcesContent":["import express from 'express';\nimport bodyParser from 'body-parser';\nimport productRoutes from './server/routes/ProductRoutes';\nimport orderRoutes from './server/routes/OrderRoutes';\nimport tableRoutes from './server/routes/TableRoutes';\nimport orderItensRoutes from './server/routes/OrderItemRoute';\n\nconst server = express();\n\nserver.use(bodyParser.json());\nserver.use(bodyParser.urlencoded({ extended: false }));\n\nconst port = process.env.PORT || 3000;\n\nserver.use('/api/products', productRoutes);\nserver.use('/api/orders', orderRoutes);\nserver.use('/api/tables', tableRoutes);\nserver.use('/api/order-itens', orderItensRoutes);\n\nserver.get('*', (req, res) => res.status(200).send({\n    message: 'Esta é a API do nosso bar.'\n}));\n\nserver.listen(port, () => {\n    console.log(`Server is running on PORT ${port}`)\n});\n\nexport default server;"]},"_coverageSchema":"1a1c01bbd47fc00a2c39e90264f33305004495a9","hash":"4d1889f8013f27e21c6b2bdb874508bd51fc1d89","contentHash":"f43cd80d6b7480f7a9cdb832b0d3390aea3d66514ab395a93d313a1547354057"},"/app/api/server/routes/ProductRoutes.js":{"path":"/app/api/server/routes/ProductRoutes.js","statementMap":{"0":{"start":{"line":3,"column":29},"end":{"line":3,"column":84}},"1":{"start":{"line":5,"column":0},"end":{"line":7,"column":3}},"2":{"start":{"line":8,"column":0},"end":{"line":8,"column":28}},"3":{"start":{"line":10,"column":15},"end":{"line":10,"column":33}},"4":{"start":{"line":12,"column":25},"end":{"line":12,"column":92}},"5":{"start":{"line":14,"column":13},"end":{"line":14,"column":35}},"6":{"start":{"line":15,"column":0},"end":{"line":15,"column":62}},"7":{"start":{"line":16,"column":0},"end":{"line":16,"column":59}},"8":{"start":{"line":17,"column":0},"end":{"line":17,"column":61}},"9":{"start":{"line":18,"column":0},"end":{"line":18,"column":65}},"10":{"start":{"line":19,"column":0},"end":{"line":19,"column":70}},"11":{"start":{"line":20,"column":15},"end":{"line":20,"column":21}},"12":{"start":{"line":21,"column":0},"end":{"line":21,"column":30}}},"fnMap":{},"branchMap":{},"s":{"0":1,"1":1,"2":1,"3":1,"4":1,"5":1,"6":1,"7":1,"8":1,"9":1,"10":1,"11":1,"12":1},"f":{},"b":{},"inputSourceMap":{"version":3,"sources":["ProductRoutes.js"],"names":["router","get","ProductController","getAllProducts","post","addProduct","getProduct","put","updatedProduct","deleteProduct"],"mappings":";;;;;;;;;AAAA;;AACA;;AAEA,IAAMA,MAAM,GAAG,sBAAf;AACAA,MAAM,CAACC,GAAP,CAAW,GAAX,EAAgBC,8BAAkBC,cAAlC;AACAH,MAAM,CAACI,IAAP,CAAY,GAAZ,EAAiBF,8BAAkBG,UAAnC;AACAL,MAAM,CAACC,GAAP,CAAW,MAAX,EAAmBC,8BAAkBI,UAArC;AACAN,MAAM,CAACO,GAAP,CAAW,MAAX,EAAmBL,8BAAkBM,cAArC;AACAR,MAAM,UAAN,CAAc,MAAd,EAAsBE,8BAAkBO,aAAxC;eAEeT,M","sourceRoot":"/app/api/server/routes","sourcesContent":["import { Router } from 'express';\nimport ProductController from '../controllers/ProductController';\n\nconst router = Router();\nrouter.get('/', ProductController.getAllProducts);\nrouter.post('/', ProductController.addProduct);\nrouter.get('/:id', ProductController.getProduct);\nrouter.put('/:id', ProductController.updatedProduct);\nrouter.delete('/:id', ProductController.deleteProduct);\n\nexport default router;\n"]},"_coverageSchema":"1a1c01bbd47fc00a2c39e90264f33305004495a9","hash":"6af3efd1455d8d3e4396773081a22ba5c2d5a93c","contentHash":"b51cee6d9aed3ade46df843474ccc7db1f965622147956ee02cb7fbd87507231"},"/app/api/server/controllers/ProductController.js":{"path":"/app/api/server/controllers/ProductController.js","statementMap":{"0":{"start":{"line":3,"column":29},"end":{"line":3,"column":84}},"1":{"start":{"line":5,"column":0},"end":{"line":7,"column":3}},"2":{"start":{"line":8,"column":0},"end":{"line":8,"column":28}},"3":{"start":{"line":10,"column":19},"end":{"line":10,"column":80}},"4":{"start":{"line":12,"column":25},"end":{"line":12,"column":99}},"5":{"start":{"line":14,"column":23},"end":{"line":14,"column":95}},"6":{"start":{"line":16,"column":20},"end":{"line":16,"column":89}},"7":{"start":{"line":18,"column":22},"end":{"line":18,"column":83}},"8":{"start":{"line":20,"column":13},"end":{"line":20,"column":62}},"9":{"start":{"line":22,"column":11},"end":{"line":22,"column":34}},"10":{"start":{"line":26,"column":0},"end":{"line":301,"column":3}},"11":{"start":{"line":28,"column":4},"end":{"line":28,"column":62}},"12":{"start":{"line":31,"column":2},"end":{"line":299,"column":6}},"13":{"start":{"line":34,"column":28},"end":{"line":69,"column":9}},"14":{"start":{"line":38,"column":8},"end":{"line":68,"column":36}},"15":{"start":{"line":39,"column":10},"end":{"line":67,"column":11}},"16":{"start":{"line":40,"column":12},"end":{"line":66,"column":13}},"17":{"start":{"line":42,"column":16},"end":{"line":42,"column":34}},"18":{"start":{"line":43,"column":16},"end":{"line":43,"column":34}},"19":{"start":{"line":44,"column":16},"end":{"line":44,"column":67}},"20":{"start":{"line":47,"column":16},"end":{"line":47,"column":44}},"21":{"start":{"line":49,"column":16},"end":{"line":53,"column":17}},"22":{"start":{"line":50,"column":18},"end":{"line":50,"column":74}},"23":{"start":{"line":52,"column":18},"end":{"line":52,"column":60}},"24":{"start":{"line":55,"column":16},"end":{"line":55,"column":65}},"25":{"start":{"line":58,"column":16},"end":{"line":58,"column":34}},"26":{"start":{"line":59,"column":16},"end":{"line":59,"column":51}},"27":{"start":{"line":60,"column":16},"end":{"line":60,"column":48}},"28":{"start":{"line":61,"column":16},"end":{"line":61,"column":65}},"29":{"start":{"line":65,"column":16},"end":{"line":65,"column":39}},"30":{"start":{"line":72,"column":8},"end":{"line":72,"column":54}},"31":{"start":{"line":75,"column":6},"end":{"line":75,"column":28}},"32":{"start":{"line":80,"column":24},"end":{"line":119,"column":9}},"33":{"start":{"line":84,"column":8},"end":{"line":118,"column":38}},"34":{"start":{"line":85,"column":10},"end":{"line":117,"column":11}},"35":{"start":{"line":86,"column":12},"end":{"line":116,"column":13}},"36":{"start":{"line":88,"column":16},"end":{"line":91,"column":17}},"37":{"start":{"line":89,"column":18},"end":{"line":89,"column":37}},"38":{"start":{"line":90,"column":18},"end":{"line":90,"column":24}},"39":{"start":{"line":93,"column":16},"end":{"line":93,"column":70}},"40":{"start":{"line":94,"column":16},"end":{"line":94,"column":66}},"41":{"start":{"line":97,"column":16},"end":{"line":97,"column":38}},"42":{"start":{"line":98,"column":16},"end":{"line":98,"column":35}},"43":{"start":{"line":99,"column":16},"end":{"line":99,"column":35}},"44":{"start":{"line":100,"column":16},"end":{"line":100,"column":73}},"45":{"start":{"line":103,"column":16},"end":{"line":103,"column":48}},"46":{"start":{"line":104,"column":16},"end":{"line":104,"column":71}},"47":{"start":{"line":105,"column":16},"end":{"line":105,"column":66}},"48":{"start":{"line":108,"column":16},"end":{"line":108,"column":36}},"49":{"start":{"line":109,"column":16},"end":{"line":109,"column":53}},"50":{"start":{"line":110,"column":16},"end":{"line":110,"column":57}},"51":{"start":{"line":111,"column":16},"end":{"line":111,"column":66}},"52":{"start":{"line":115,"column":16},"end":{"line":115,"column":40}},"53":{"start":{"line":122,"column":8},"end":{"line":122,"column":50}},"54":{"start":{"line":125,"column":6},"end":{"line":125,"column":24}},"55":{"start":{"line":130,"column":28},"end":{"line":177,"column":9}},"56":{"start":{"line":134,"column":8},"end":{"line":176,"column":38}},"57":{"start":{"line":135,"column":10},"end":{"line":175,"column":11}},"58":{"start":{"line":136,"column":12},"end":{"line":174,"column":13}},"59":{"start":{"line":138,"column":16},"end":{"line":138,"column":42}},"60":{"start":{"line":139,"column":16},"end":{"line":139,"column":35}},"61":{"start":{"line":141,"column":16},"end":{"line":144,"column":17}},"62":{"start":{"line":142,"column":18},"end":{"line":142,"column":37}},"63":{"start":{"line":143,"column":18},"end":{"line":143,"column":24}},"64":{"start":{"line":146,"column":16},"end":{"line":146,"column":73}},"65":{"start":{"line":147,"column":16},"end":{"line":147,"column":66}},"66":{"start":{"line":150,"column":16},"end":{"line":150,"column":35}},"67":{"start":{"line":151,"column":16},"end":{"line":151,"column":35}},"68":{"start":{"line":152,"column":16},"end":{"line":152,"column":84}},"69":{"start":{"line":155,"column":16},"end":{"line":155,"column":47}},"70":{"start":{"line":157,"column":16},"end":{"line":161,"column":17}},"71":{"start":{"line":158,"column":18},"end":{"line":158,"column":85}},"72":{"start":{"line":160,"column":18},"end":{"line":160,"column":73}},"73":{"start":{"line":163,"column":16},"end":{"line":163,"column":66}},"74":{"start":{"line":166,"column":16},"end":{"line":166,"column":36}},"75":{"start":{"line":167,"column":16},"end":{"line":167,"column":53}},"76":{"start":{"line":168,"column":16},"end":{"line":168,"column":49}},"77":{"start":{"line":169,"column":16},"end":{"line":169,"column":66}},"78":{"start":{"line":173,"column":16},"end":{"line":173,"column":40}},"79":{"start":{"line":180,"column":8},"end":{"line":180,"column":54}},"80":{"start":{"line":183,"column":6},"end":{"line":183,"column":28}},"81":{"start":{"line":188,"column":24},"end":{"line":234,"column":9}},"82":{"start":{"line":192,"column":8},"end":{"line":233,"column":38}},"83":{"start":{"line":193,"column":10},"end":{"line":232,"column":11}},"84":{"start":{"line":194,"column":12},"end":{"line":231,"column":13}},"85":{"start":{"line":196,"column":16},"end":{"line":196,"column":35}},"86":{"start":{"line":198,"column":16},"end":{"line":201,"column":17}},"87":{"start":{"line":199,"column":18},"end":{"line":199,"column":37}},"88":{"start":{"line":200,"column":18},"end":{"line":200,"column":24}},"89":{"start":{"line":203,"column":16},"end":{"line":203,"column":73}},"90":{"start":{"line":204,"column":16},"end":{"line":204,"column":66}},"91":{"start":{"line":207,"column":16},"end":{"line":207,"column":35}},"92":{"start":{"line":208,"column":16},"end":{"line":208,"column":35}},"93":{"start":{"line":209,"column":16},"end":{"line":209,"column":65}},"94":{"start":{"line":212,"column":16},"end":{"line":212,"column":44}},"95":{"start":{"line":214,"column":16},"end":{"line":218,"column":17}},"96":{"start":{"line":215,"column":18},"end":{"line":215,"column":84}},"97":{"start":{"line":217,"column":18},"end":{"line":217,"column":68}},"98":{"start":{"line":220,"column":16},"end":{"line":220,"column":66}},"99":{"start":{"line":223,"column":16},"end":{"line":223,"column":36}},"100":{"start":{"line":224,"column":16},"end":{"line":224,"column":53}},"101":{"start":{"line":225,"column":16},"end":{"line":225,"column":49}},"102":{"start":{"line":226,"column":16},"end":{"line":226,"column":66}},"103":{"start":{"line":230,"column":16},"end":{"line":230,"column":40}},"104":{"start":{"line":237,"column":8},"end":{"line":237,"column":50}},"105":{"start":{"line":240,"column":6},"end":{"line":240,"column":24}},"106":{"start":{"line":245,"column":27},"end":{"line":291,"column":9}},"107":{"start":{"line":249,"column":8},"end":{"line":290,"column":38}},"108":{"start":{"line":250,"column":10},"end":{"line":289,"column":11}},"109":{"start":{"line":251,"column":12},"end":{"line":288,"column":13}},"110":{"start":{"line":253,"column":16},"end":{"line":253,"column":35}},"111":{"start":{"line":255,"column":16},"end":{"line":258,"column":17}},"112":{"start":{"line":256,"column":18},"end":{"line":256,"column":37}},"113":{"start":{"line":257,"column":18},"end":{"line":257,"column":24}},"114":{"start":{"line":260,"column":16},"end":{"line":260,"column":69}},"115":{"start":{"line":261,"column":16},"end":{"line":261,"column":66}},"116":{"start":{"line":264,"column":16},"end":{"line":264,"column":35}},"117":{"start":{"line":265,"column":16},"end":{"line":265,"column":35}},"118":{"start":{"line":266,"column":16},"end":{"line":266,"column":68}},"119":{"start":{"line":269,"column":16},"end":{"line":269,"column":49}},"120":{"start":{"line":271,"column":16},"end":{"line":275,"column":17}},"121":{"start":{"line":272,"column":18},"end":{"line":272,"column":58}},"122":{"start":{"line":274,"column":18},"end":{"line":274,"column":92}},"123":{"start":{"line":277,"column":16},"end":{"line":277,"column":66}},"124":{"start":{"line":280,"column":16},"end":{"line":280,"column":36}},"125":{"start":{"line":281,"column":16},"end":{"line":281,"column":53}},"126":{"start":{"line":282,"column":16},"end":{"line":282,"column":49}},"127":{"start":{"line":283,"column":16},"end":{"line":283,"column":66}},"128":{"start":{"line":287,"column":16},"end":{"line":287,"column":40}},"129":{"start":{"line":294,"column":8},"end":{"line":294,"column":53}},"130":{"start":{"line":297,"column":6},"end":{"line":297,"column":27}},"131":{"start":{"line":300,"column":2},"end":{"line":300,"column":27}},"132":{"start":{"line":303,"column":15},"end":{"line":303,"column":32}},"133":{"start":{"line":304,"column":0},"end":{"line":304,"column":30}}},"fnMap":{"0":{"name":"(anonymous_0)","decl":{"start":{"line":26,"column":0},"end":{"line":26,"column":1}},"loc":{"start":{"line":26,"column":12},"end":{"line":301,"column":1}},"line":26},"1":{"name":"ProductController","decl":{"start":{"line":27,"column":11},"end":{"line":27,"column":28}},"loc":{"start":{"line":27,"column":31},"end":{"line":29,"column":3}},"line":27},"2":{"name":"(anonymous_2)","decl":{"start":{"line":33,"column":11},"end":{"line":33,"column":12}},"loc":{"start":{"line":33,"column":23},"end":{"line":76,"column":5}},"line":33},"3":{"name":"_callee","decl":{"start":{"line":36,"column":44},"end":{"line":36,"column":51}},"loc":{"start":{"line":36,"column":62},"end":{"line":69,"column":7}},"line":36},"4":{"name":"_callee$","decl":{"start":{"line":38,"column":53},"end":{"line":38,"column":61}},"loc":{"start":{"line":38,"column":72},"end":{"line":68,"column":9}},"line":38},"5":{"name":"getAllProducts","decl":{"start":{"line":71,"column":15},"end":{"line":71,"column":29}},"loc":{"start":{"line":71,"column":39},"end":{"line":73,"column":7}},"line":71},"6":{"name":"(anonymous_6)","decl":{"start":{"line":79,"column":11},"end":{"line":79,"column":12}},"loc":{"start":{"line":79,"column":23},"end":{"line":126,"column":5}},"line":79},"7":{"name":"_callee2","decl":{"start":{"line":82,"column":44},"end":{"line":82,"column":52}},"loc":{"start":{"line":82,"column":63},"end":{"line":119,"column":7}},"line":82},"8":{"name":"_callee2$","decl":{"start":{"line":84,"column":53},"end":{"line":84,"column":62}},"loc":{"start":{"line":84,"column":74},"end":{"line":118,"column":9}},"line":84},"9":{"name":"addProduct","decl":{"start":{"line":121,"column":15},"end":{"line":121,"column":25}},"loc":{"start":{"line":121,"column":36},"end":{"line":123,"column":7}},"line":121},"10":{"name":"(anonymous_10)","decl":{"start":{"line":129,"column":11},"end":{"line":129,"column":12}},"loc":{"start":{"line":129,"column":23},"end":{"line":184,"column":5}},"line":129},"11":{"name":"_callee3","decl":{"start":{"line":132,"column":44},"end":{"line":132,"column":52}},"loc":{"start":{"line":132,"column":63},"end":{"line":177,"column":7}},"line":132},"12":{"name":"_callee3$","decl":{"start":{"line":134,"column":53},"end":{"line":134,"column":62}},"loc":{"start":{"line":134,"column":74},"end":{"line":176,"column":9}},"line":134},"13":{"name":"updatedProduct","decl":{"start":{"line":179,"column":15},"end":{"line":179,"column":29}},"loc":{"start":{"line":179,"column":40},"end":{"line":181,"column":7}},"line":179},"14":{"name":"(anonymous_14)","decl":{"start":{"line":187,"column":11},"end":{"line":187,"column":12}},"loc":{"start":{"line":187,"column":23},"end":{"line":241,"column":5}},"line":187},"15":{"name":"_callee4","decl":{"start":{"line":190,"column":44},"end":{"line":190,"column":52}},"loc":{"start":{"line":190,"column":63},"end":{"line":234,"column":7}},"line":190},"16":{"name":"_callee4$","decl":{"start":{"line":192,"column":53},"end":{"line":192,"column":62}},"loc":{"start":{"line":192,"column":74},"end":{"line":233,"column":9}},"line":192},"17":{"name":"getProduct","decl":{"start":{"line":236,"column":15},"end":{"line":236,"column":25}},"loc":{"start":{"line":236,"column":36},"end":{"line":238,"column":7}},"line":236},"18":{"name":"(anonymous_18)","decl":{"start":{"line":244,"column":11},"end":{"line":244,"column":12}},"loc":{"start":{"line":244,"column":23},"end":{"line":298,"column":5}},"line":244},"19":{"name":"_callee5","decl":{"start":{"line":247,"column":44},"end":{"line":247,"column":52}},"loc":{"start":{"line":247,"column":63},"end":{"line":291,"column":7}},"line":247},"20":{"name":"_callee5$","decl":{"start":{"line":249,"column":53},"end":{"line":249,"column":62}},"loc":{"start":{"line":249,"column":74},"end":{"line":290,"column":9}},"line":249},"21":{"name":"deleteProduct","decl":{"start":{"line":293,"column":15},"end":{"line":293,"column":28}},"loc":{"start":{"line":293,"column":40},"end":{"line":295,"column":7}},"line":293}},"branchMap":{"0":{"loc":{"start":{"line":40,"column":12},"end":{"line":66,"column":13}},"type":"switch","locations":[{"start":{"line":41,"column":14},"end":{"line":44,"column":67}},{"start":{"line":46,"column":14},"end":{"line":55,"column":65}},{"start":{"line":57,"column":14},"end":{"line":61,"column":65}},{"start":{"line":63,"column":14},"end":{"line":63,"column":22}},{"start":{"line":64,"column":14},"end":{"line":65,"column":39}}],"line":40},"1":{"loc":{"start":{"line":49,"column":16},"end":{"line":53,"column":17}},"type":"if","locations":[{"start":{"line":49,"column":16},"end":{"line":53,"column":17}},{"start":{"line":49,"column":16},"end":{"line":53,"column":17}}],"line":49},"2":{"loc":{"start":{"line":86,"column":12},"end":{"line":116,"column":13}},"type":"switch","locations":[{"start":{"line":87,"column":14},"end":{"line":94,"column":66}},{"start":{"line":96,"column":14},"end":{"line":100,"column":73}},{"start":{"line":102,"column":14},"end":{"line":105,"column":66}},{"start":{"line":107,"column":14},"end":{"line":111,"column":66}},{"start":{"line":113,"column":14},"end":{"line":113,"column":22}},{"start":{"line":114,"column":14},"end":{"line":115,"column":40}}],"line":86},"3":{"loc":{"start":{"line":88,"column":16},"end":{"line":91,"column":17}},"type":"if","locations":[{"start":{"line":88,"column":16},"end":{"line":91,"column":17}},{"start":{"line":88,"column":16},"end":{"line":91,"column":17}}],"line":88},"4":{"loc":{"start":{"line":88,"column":22},"end":{"line":88,"column":102}},"type":"binary-expr","locations":[{"start":{"line":88,"column":22},"end":{"line":88,"column":37}},{"start":{"line":88,"column":41},"end":{"line":88,"column":83}},{"start":{"line":88,"column":87},"end":{"line":88,"column":102}}],"line":88},"5":{"loc":{"start":{"line":136,"column":12},"end":{"line":174,"column":13}},"type":"switch","locations":[{"start":{"line":137,"column":14},"end":{"line":147,"column":66}},{"start":{"line":149,"column":14},"end":{"line":152,"column":84}},{"start":{"line":154,"column":14},"end":{"line":163,"column":66}},{"start":{"line":165,"column":14},"end":{"line":169,"column":66}},{"start":{"line":171,"column":14},"end":{"line":171,"column":22}},{"start":{"line":172,"column":14},"end":{"line":173,"column":40}}],"line":136},"6":{"loc":{"start":{"line":141,"column":16},"end":{"line":144,"column":17}},"type":"if","locations":[{"start":{"line":141,"column":16},"end":{"line":144,"column":17}},{"start":{"line":141,"column":16},"end":{"line":144,"column":17}}],"line":141},"7":{"loc":{"start":{"line":157,"column":16},"end":{"line":161,"column":17}},"type":"if","locations":[{"start":{"line":157,"column":16},"end":{"line":161,"column":17}},{"start":{"line":157,"column":16},"end":{"line":161,"column":17}}],"line":157},"8":{"loc":{"start":{"line":194,"column":12},"end":{"line":231,"column":13}},"type":"switch","locations":[{"start":{"line":195,"column":14},"end":{"line":204,"column":66}},{"start":{"line":206,"column":14},"end":{"line":209,"column":65}},{"start":{"line":211,"column":14},"end":{"line":220,"column":66}},{"start":{"line":222,"column":14},"end":{"line":226,"column":66}},{"start":{"line":228,"column":14},"end":{"line":228,"column":22}},{"start":{"line":229,"column":14},"end":{"line":230,"column":40}}],"line":194},"9":{"loc":{"start":{"line":198,"column":16},"end":{"line":201,"column":17}},"type":"if","locations":[{"start":{"line":198,"column":16},"end":{"line":201,"column":17}},{"start":{"line":198,"column":16},"end":{"line":201,"column":17}}],"line":198},"10":{"loc":{"start":{"line":214,"column":16},"end":{"line":218,"column":17}},"type":"if","locations":[{"start":{"line":214,"column":16},"end":{"line":218,"column":17}},{"start":{"line":214,"column":16},"end":{"line":218,"column":17}}],"line":214},"11":{"loc":{"start":{"line":251,"column":12},"end":{"line":288,"column":13}},"type":"switch","locations":[{"start":{"line":252,"column":14},"end":{"line":261,"column":66}},{"start":{"line":263,"column":14},"end":{"line":266,"column":68}},{"start":{"line":268,"column":14},"end":{"line":277,"column":66}},{"start":{"line":279,"column":14},"end":{"line":283,"column":66}},{"start":{"line":285,"column":14},"end":{"line":285,"column":22}},{"start":{"line":286,"column":14},"end":{"line":287,"column":40}}],"line":251},"12":{"loc":{"start":{"line":255,"column":16},"end":{"line":258,"column":17}},"type":"if","locations":[{"start":{"line":255,"column":16},"end":{"line":258,"column":17}},{"start":{"line":255,"column":16},"end":{"line":258,"column":17}}],"line":255},"13":{"loc":{"start":{"line":271,"column":16},"end":{"line":275,"column":17}},"type":"if","locations":[{"start":{"line":271,"column":16},"end":{"line":275,"column":17}},{"start":{"line":271,"column":16},"end":{"line":275,"column":17}}],"line":271}},"s":{"0":1,"1":1,"2":1,"3":1,"4":1,"5":1,"6":1,"7":1,"8":1,"9":1,"10":1,"11":0,"12":1,"13":1,"14":1,"15":3,"16":3,"17":1,"18":1,"19":1,"20":1,"21":1,"22":1,"23":0,"24":1,"25":0,"26":0,"27":0,"28":0,"29":1,"30":1,"31":1,"32":1,"33":4,"34":11,"35":14,"36":4,"37":3,"38":3,"39":1,"40":1,"41":3,"42":3,"43":3,"44":3,"45":3,"46":3,"47":3,"48":0,"49":0,"50":0,"51":0,"52":4,"53":4,"54":1,"55":1,"56":4,"57":10,"58":12,"59":4,"60":4,"61":4,"62":2,"63":2,"64":2,"65":2,"66":2,"67":2,"68":2,"69":2,"70":2,"71":1,"72":1,"73":2,"74":0,"75":0,"76":0,"77":0,"78":4,"79":4,"80":1,"81":1,"82":3,"83":8,"84":10,"85":3,"86":3,"87":2,"88":2,"89":1,"90":1,"91":2,"92":2,"93":2,"94":2,"95":2,"96":1,"97":1,"98":2,"99":0,"100":0,"101":0,"102":0,"103":3,"104":3,"105":1,"106":1,"107":3,"108":8,"109":10,"110":3,"111":3,"112":2,"113":2,"114":1,"115":1,"116":2,"117":2,"118":2,"119":2,"120":2,"121":1,"122":1,"123":2,"124":0,"125":0,"126":0,"127":0,"128":3,"129":3,"130":1,"131":1,"132":1,"133":1},"f":{"0":1,"1":0,"2":1,"3":1,"4":3,"5":1,"6":1,"7":4,"8":11,"9":4,"10":1,"11":4,"12":10,"13":4,"14":1,"15":3,"16":8,"17":3,"18":1,"19":3,"20":8,"21":3},"b":{"0":[1,1,0,0,1],"1":[1,0],"2":[4,3,3,0,0,4],"3":[3,1],"4":[4,3,3],"5":[4,2,2,0,0,4],"6":[2,2],"7":[1,1],"8":[3,2,2,0,0,3],"9":[2,1],"10":[1,1],"11":[3,2,2,0,0,3],"12":[2,1],"13":[1,1]},"inputSourceMap":{"version":3,"sources":["ProductController.js"],"names":["util","Util","ProductController","req","res","ProductService","getAllProducts","allProducts","length","setSuccess","send","setError","body","itens","is_alcoholic","price","newProduct","addProduct","createdProduct","message","alteredProduct","id","params","Number","updateProduct","getProduct","theProduct","deleteProduct","productToDelete"],"mappings":";;;;;;;;;;;;;;;;;AAAA;;AACA;;AAEA,IAAMA,IAAI,GAAG,IAAIC,iBAAJ,EAAb;;IAEMC,iB;;;;;;;;;;;;oDACwBC,G,EAAKC,G;;;;;;;;uBAEHC,2BAAeC,cAAf,E;;;AAApBC,gBAAAA,W;;AACN,oBAAIA,WAAW,CAACC,MAAZ,GAAqB,CAAzB,EAA4B;AAC1BR,kBAAAA,IAAI,CAACS,UAAL,CAAgB,GAAhB,EAAqB,oBAArB,EAA2CF,WAA3C;AACD,iBAFD,MAEO;AACLP,kBAAAA,IAAI,CAACS,UAAL,CAAgB,GAAhB,EAAqB,mBAArB;AACD;;iDACMT,IAAI,CAACU,IAAL,CAAUN,GAAV,C;;;;;AAEPJ,gBAAAA,IAAI,CAACW,QAAL,CAAc,GAAd;iDACOX,IAAI,CAACU,IAAL,CAAUN,GAAV,C;;;;;;;;;;;;;;;;;;;;;qDAIaD,G,EAAKC,G;;;;;;sBACvB,CAACD,GAAG,CAACS,IAAJ,CAASC,KAAV,IAAmB,OAAOV,GAAG,CAACS,IAAJ,CAASE,YAAhB,KAAiC,SAApD,IAAiE,CAACX,GAAG,CAACS,IAAJ,CAASG,K;;;;;AAC7Ef,gBAAAA,IAAI,CAACW,QAAL,CAAc,GAAd,EAAmB,iCAAnB;kDACOX,IAAI,CAACU,IAAL,CAAUN,GAAV,C;;;AAEHY,gBAAAA,U,GAAab,GAAG,CAACS,I;;;uBAEQP,2BAAeY,UAAf,CAA0BD,UAA1B,C;;;AAAvBE,gBAAAA,c;AACNlB,gBAAAA,IAAI,CAACS,UAAL,CAAgB,GAAhB,EAAqB,gBAArB,EAAuCS,cAAvC;kDACOlB,IAAI,CAACU,IAAL,CAAUN,GAAV,C;;;;;AAEPJ,gBAAAA,IAAI,CAACW,QAAL,CAAc,GAAd,EAAmB,aAAMQ,OAAzB;kDACOnB,IAAI,CAACU,IAAL,CAAUN,GAAV,C;;;;;;;;;;;;;;;;;;;;;qDAIiBD,G,EAAKC,G;;;;;;AACzBgB,gBAAAA,c,GAAiBjB,GAAG,CAACS,I;AACnBS,gBAAAA,E,GAAOlB,GAAG,CAACmB,M,CAAXD,E;;oBACHE,MAAM,CAACF,EAAD,C;;;;;AACTrB,gBAAAA,IAAI,CAACW,QAAL,CAAc,GAAd,EAAmB,oCAAnB;kDACOX,IAAI,CAACU,IAAL,CAAUN,GAAV,C;;;;;uBAGqBC,2BAAemB,aAAf,CAA6BH,EAA7B,EAAiCD,cAAjC,C;;;AAAtBI,gBAAAA,a;;AACN,oBAAI,CAACA,aAAL,EAAoB;AAClBxB,kBAAAA,IAAI,CAACW,QAAL,CAAc,GAAd,6CAAuDU,EAAvD;AACD,iBAFD,MAEO;AACLrB,kBAAAA,IAAI,CAACS,UAAL,CAAgB,GAAhB,EAAqB,iBAArB,EAAwCe,aAAxC;AACD;;kDACMxB,IAAI,CAACU,IAAL,CAAUN,GAAV,C;;;;;AAEPJ,gBAAAA,IAAI,CAACW,QAAL,CAAc,GAAd;kDACOX,IAAI,CAACU,IAAL,CAAUN,GAAV,C;;;;;;;;;;;;;;;;;;;;;qDAIaD,G,EAAKC,G;;;;;;AACnBiB,gBAAAA,E,GAAOlB,GAAG,CAACmB,M,CAAXD,E;;oBAEHE,MAAM,CAACF,EAAD,C;;;;;AACTrB,gBAAAA,IAAI,CAACW,QAAL,CAAc,GAAd,EAAmB,oCAAnB;kDACOX,IAAI,CAACU,IAAL,CAAUN,GAAV,C;;;;;uBAIkBC,2BAAeoB,UAAf,CAA0BJ,EAA1B,C;;;AAAnBK,gBAAAA,U;;AAEN,oBAAI,CAACA,UAAL,EAAiB;AACf1B,kBAAAA,IAAI,CAACW,QAAL,CAAc,GAAd,4CAAsDU,EAAtD;AACD,iBAFD,MAEO;AACLrB,kBAAAA,IAAI,CAACS,UAAL,CAAgB,GAAhB,EAAqB,eAArB,EAAsCiB,UAAtC;AACD;;kDACM1B,IAAI,CAACU,IAAL,CAAUN,GAAV,C;;;;;AAEPJ,gBAAAA,IAAI,CAACW,QAAL,CAAc,GAAd;kDACOX,IAAI,CAACU,IAAL,CAAUN,GAAV,C;;;;;;;;;;;;;;;;;;;;;qDAIgBD,G,EAAKC,G;;;;;;AACtBiB,gBAAAA,E,GAAOlB,GAAG,CAACmB,M,CAAXD,E;;oBAEHE,MAAM,CAACF,EAAD,C;;;;;AACTrB,gBAAAA,IAAI,CAACW,QAAL,CAAc,GAAd,EAAmB,gCAAnB;kDACOX,IAAI,CAACU,IAAL,CAAUN,GAAV,C;;;;;uBAIuBC,2BAAesB,aAAf,CAA6BN,EAA7B,C;;;AAAxBO,gBAAAA,e;;AAEN,oBAAIA,eAAJ,EAAqB;AACnB5B,kBAAAA,IAAI,CAACS,UAAL,CAAgB,GAAhB,EAAqB,iBAArB;AACD,iBAFD,MAEO;AACLT,kBAAAA,IAAI,CAACW,QAAL,CAAc,GAAd,gCAA0CU,EAA1C;AACD;;kDACMrB,IAAI,CAACU,IAAL,CAAUN,GAAV,C;;;;;AAEPJ,gBAAAA,IAAI,CAACW,QAAL,CAAc,GAAd;kDACOX,IAAI,CAACU,IAAL,CAAUN,GAAV,C;;;;;;;;;;;;;;;;;;;;eAKEF,iB","sourceRoot":"/app/api/server/controllers","sourcesContent":["import ProductService from '../services/ProductService';\nimport Util from '../utils/Utils'\n\nconst util = new Util()\n\nclass ProductController {\n  static async getAllProducts(req, res) {\n    try {\n      const allProducts = await ProductService.getAllProducts()\n      if (allProducts.length > 0) {\n        util.setSuccess(200, 'Products retrieved', allProducts)\n      } else {\n        util.setSuccess(200, 'No products found')\n      }\n      return util.send(res)\n    } catch (error) {\n      util.setError(400, error)\n      return util.send(res)\n    }\n  }\n\n  static async addProduct(req, res) {\n    if (!req.body.itens || typeof req.body.is_alcoholic !== 'boolean' || !req.body.price) {\n      util.setError(400, 'Please provide complete details')\n      return util.send(res)\n    }\n    const newProduct = req.body\n    try {\n      const createdProduct = await ProductService.addProduct(newProduct)\n      util.setSuccess(201, 'Product added!', createdProduct)\n      return util.send(res)\n    } catch (error) {\n      util.setError(400, error.message)\n      return util.send(res)\n    }\n  }\n\n  static async updatedProduct(req, res) {\n    const alteredProduct = req.body\n    const { id } = req.params\n    if (!Number(id)) {\n      util.setError(400, 'Please input a valid numeric value')\n      return util.send(res)\n    }\n    try {\n      const updateProduct = await ProductService.updateProduct(id, alteredProduct)\n      if (!updateProduct) {\n        util.setError(404, `Cannot find product with the id: ${id}`)\n      } else {\n        util.setSuccess(200, 'Product updated', updateProduct)\n      }\n      return util.send(res)\n    } catch (error) {\n      util.setError(404, error)\n      return util.send(res)\n    }\n  }\n\n  static async getProduct(req, res) {\n    const { id } = req.params\n\n    if (!Number(id)) {\n      util.setError(400, 'Please input a valid numeric value')\n      return util.send(res)\n    }\n\n    try {\n      const theProduct = await ProductService.getProduct(id)\n\n      if (!theProduct) {\n        util.setError(404, `Cannot find product with the id ${id}`)\n      } else {\n        util.setSuccess(200, 'Found product', theProduct)\n      }\n      return util.send(res)\n    } catch (error) {\n      util.setError(404, error)\n      return util.send(res)\n    }\n  }\n\n  static async deleteProduct(req, res) {\n    const { id } = req.params\n\n    if (!Number(id)) {\n      util.setError(400, 'Please provide a numeric value')\n      return util.send(res)\n    }\n\n    try {\n      const productToDelete = await ProductService.deleteProduct(id)\n\n      if (productToDelete) {\n        util.setSuccess(200, 'Product deleted')\n      } else {\n        util.setError(404, `Product with the id ${id} cannot be found`)\n      }\n      return util.send(res)\n    } catch (error) {\n      util.setError(400, error)\n      return util.send(res)\n    }\n  }\n}\n\nexport default ProductController;"]},"_coverageSchema":"1a1c01bbd47fc00a2c39e90264f33305004495a9","hash":"5aa8dd0a2e6973650af9072fe054eaa1d9635ae5","contentHash":"9183ea5c261440a1402820a16b6f0bc1c13fea6b0389edfdb2a0c81d8f63c890"},"/app/api/server/services/ProductService.js":{"path":"/app/api/server/services/ProductService.js","statementMap":{"0":{"start":{"line":3,"column":29},"end":{"line":3,"column":84}},"1":{"start":{"line":5,"column":0},"end":{"line":7,"column":3}},"2":{"start":{"line":8,"column":0},"end":{"line":8,"column":28}},"3":{"start":{"line":10,"column":19},"end":{"line":10,"column":80}},"4":{"start":{"line":12,"column":25},"end":{"line":12,"column":99}},"5":{"start":{"line":14,"column":23},"end":{"line":14,"column":95}},"6":{"start":{"line":16,"column":20},"end":{"line":16,"column":89}},"7":{"start":{"line":18,"column":14},"end":{"line":18,"column":62}},"8":{"start":{"line":22,"column":0},"end":{"line":262,"column":3}},"9":{"start":{"line":24,"column":4},"end":{"line":24,"column":59}},"10":{"start":{"line":27,"column":2},"end":{"line":260,"column":6}},"11":{"start":{"line":30,"column":28},"end":{"line":55,"column":9}},"12":{"start":{"line":33,"column":8},"end":{"line":54,"column":36}},"13":{"start":{"line":34,"column":10},"end":{"line":53,"column":11}},"14":{"start":{"line":35,"column":12},"end":{"line":52,"column":13}},"15":{"start":{"line":37,"column":16},"end":{"line":37,"column":34}},"16":{"start":{"line":38,"column":16},"end":{"line":38,"column":34}},"17":{"start":{"line":39,"column":16},"end":{"line":39,"column":60}},"18":{"start":{"line":42,"column":16},"end":{"line":42,"column":64}},"19":{"start":{"line":45,"column":16},"end":{"line":45,"column":34}},"20":{"start":{"line":46,"column":16},"end":{"line":46,"column":51}},"21":{"start":{"line":47,"column":16},"end":{"line":47,"column":34}},"22":{"start":{"line":51,"column":16},"end":{"line":51,"column":39}},"23":{"start":{"line":58,"column":8},"end":{"line":58,"column":54}},"24":{"start":{"line":61,"column":6},"end":{"line":61,"column":28}},"25":{"start":{"line":66,"column":24},"end":{"line":91,"column":9}},"26":{"start":{"line":69,"column":8},"end":{"line":90,"column":37}},"27":{"start":{"line":70,"column":10},"end":{"line":89,"column":11}},"28":{"start":{"line":71,"column":12},"end":{"line":88,"column":13}},"29":{"start":{"line":73,"column":16},"end":{"line":73,"column":35}},"30":{"start":{"line":74,"column":16},"end":{"line":74,"column":35}},"31":{"start":{"line":75,"column":16},"end":{"line":75,"column":69}},"32":{"start":{"line":78,"column":16},"end":{"line":78,"column":66}},"33":{"start":{"line":81,"column":16},"end":{"line":81,"column":35}},"34":{"start":{"line":82,"column":16},"end":{"line":82,"column":53}},"35":{"start":{"line":83,"column":16},"end":{"line":83,"column":35}},"36":{"start":{"line":87,"column":16},"end":{"line":87,"column":40}},"37":{"start":{"line":94,"column":8},"end":{"line":94,"column":50}},"38":{"start":{"line":97,"column":6},"end":{"line":97,"column":24}},"39":{"start":{"line":102,"column":28},"end":{"line":150,"column":9}},"40":{"start":{"line":106,"column":8},"end":{"line":149,"column":38}},"41":{"start":{"line":107,"column":10},"end":{"line":148,"column":11}},"42":{"start":{"line":108,"column":12},"end":{"line":147,"column":13}},"43":{"start":{"line":110,"column":16},"end":{"line":110,"column":35}},"44":{"start":{"line":111,"column":16},"end":{"line":111,"column":35}},"45":{"start":{"line":112,"column":16},"end":{"line":116,"column":19}},"46":{"start":{"line":119,"column":16},"end":{"line":119,"column":49}},"47":{"start":{"line":121,"column":16},"end":{"line":124,"column":17}},"48":{"start":{"line":122,"column":18},"end":{"line":122,"column":37}},"49":{"start":{"line":123,"column":18},"end":{"line":123,"column":24}},"50":{"start":{"line":126,"column":16},"end":{"line":126,"column":35}},"51":{"start":{"line":127,"column":16},"end":{"line":131,"column":19}},"52":{"start":{"line":134,"column":16},"end":{"line":134,"column":66}},"53":{"start":{"line":137,"column":16},"end":{"line":137,"column":56}},"54":{"start":{"line":140,"column":16},"end":{"line":140,"column":36}},"55":{"start":{"line":141,"column":16},"end":{"line":141,"column":53}},"56":{"start":{"line":142,"column":16},"end":{"line":142,"column":35}},"57":{"start":{"line":146,"column":16},"end":{"line":146,"column":40}},"58":{"start":{"line":153,"column":8},"end":{"line":153,"column":54}},"59":{"start":{"line":156,"column":6},"end":{"line":156,"column":27}},"60":{"start":{"line":161,"column":24},"end":{"line":192,"column":9}},"61":{"start":{"line":165,"column":8},"end":{"line":191,"column":37}},"62":{"start":{"line":166,"column":10},"end":{"line":190,"column":11}},"63":{"start":{"line":167,"column":12},"end":{"line":189,"column":13}},"64":{"start":{"line":169,"column":16},"end":{"line":169,"column":35}},"65":{"start":{"line":170,"column":16},"end":{"line":170,"column":35}},"66":{"start":{"line":171,"column":16},"end":{"line":175,"column":19}},"67":{"start":{"line":178,"column":16},"end":{"line":178,"column":44}},"68":{"start":{"line":179,"column":16},"end":{"line":179,"column":62}},"69":{"start":{"line":182,"column":16},"end":{"line":182,"column":35}},"70":{"start":{"line":183,"column":16},"end":{"line":183,"column":53}},"71":{"start":{"line":184,"column":16},"end":{"line":184,"column":35}},"72":{"start":{"line":188,"column":16},"end":{"line":188,"column":40}},"73":{"start":{"line":195,"column":8},"end":{"line":195,"column":50}},"74":{"start":{"line":198,"column":6},"end":{"line":198,"column":24}},"75":{"start":{"line":203,"column":27},"end":{"line":252,"column":9}},"76":{"start":{"line":207,"column":8},"end":{"line":251,"column":38}},"77":{"start":{"line":208,"column":10},"end":{"line":250,"column":11}},"78":{"start":{"line":209,"column":12},"end":{"line":249,"column":13}},"79":{"start":{"line":211,"column":16},"end":{"line":211,"column":35}},"80":{"start":{"line":212,"column":16},"end":{"line":212,"column":35}},"81":{"start":{"line":213,"column":16},"end":{"line":217,"column":19}},"82":{"start":{"line":220,"column":16},"end":{"line":220,"column":49}},"83":{"start":{"line":222,"column":16},"end":{"line":225,"column":17}},"84":{"start":{"line":223,"column":18},"end":{"line":223,"column":37}},"85":{"start":{"line":224,"column":18},"end":{"line":224,"column":24}},"86":{"start":{"line":227,"column":16},"end":{"line":227,"column":35}},"87":{"start":{"line":228,"column":16},"end":{"line":232,"column":19}},"88":{"start":{"line":235,"column":16},"end":{"line":235,"column":48}},"89":{"start":{"line":236,"column":16},"end":{"line":236,"column":66}},"90":{"start":{"line":239,"column":16},"end":{"line":239,"column":56}},"91":{"start":{"line":242,"column":16},"end":{"line":242,"column":36}},"92":{"start":{"line":243,"column":16},"end":{"line":243,"column":53}},"93":{"start":{"line":244,"column":16},"end":{"line":244,"column":35}},"94":{"start":{"line":248,"column":16},"end":{"line":248,"column":40}},"95":{"start":{"line":255,"column":8},"end":{"line":255,"column":53}},"96":{"start":{"line":258,"column":6},"end":{"line":258,"column":27}},"97":{"start":{"line":261,"column":2},"end":{"line":261,"column":24}},"98":{"start":{"line":264,"column":15},"end":{"line":264,"column":29}},"99":{"start":{"line":265,"column":0},"end":{"line":265,"column":30}}},"fnMap":{"0":{"name":"(anonymous_0)","decl":{"start":{"line":22,"column":0},"end":{"line":22,"column":1}},"loc":{"start":{"line":22,"column":12},"end":{"line":262,"column":1}},"line":22},"1":{"name":"ProductService","decl":{"start":{"line":23,"column":11},"end":{"line":23,"column":25}},"loc":{"start":{"line":23,"column":28},"end":{"line":25,"column":3}},"line":23},"2":{"name":"(anonymous_2)","decl":{"start":{"line":29,"column":11},"end":{"line":29,"column":12}},"loc":{"start":{"line":29,"column":23},"end":{"line":62,"column":5}},"line":29},"3":{"name":"_callee","decl":{"start":{"line":32,"column":44},"end":{"line":32,"column":51}},"loc":{"start":{"line":32,"column":54},"end":{"line":55,"column":7}},"line":32},"4":{"name":"_callee$","decl":{"start":{"line":33,"column":53},"end":{"line":33,"column":61}},"loc":{"start":{"line":33,"column":72},"end":{"line":54,"column":9}},"line":33},"5":{"name":"getAllProducts","decl":{"start":{"line":57,"column":15},"end":{"line":57,"column":29}},"loc":{"start":{"line":57,"column":32},"end":{"line":59,"column":7}},"line":57},"6":{"name":"(anonymous_6)","decl":{"start":{"line":65,"column":11},"end":{"line":65,"column":12}},"loc":{"start":{"line":65,"column":23},"end":{"line":98,"column":5}},"line":65},"7":{"name":"_callee2","decl":{"start":{"line":68,"column":44},"end":{"line":68,"column":52}},"loc":{"start":{"line":68,"column":65},"end":{"line":91,"column":7}},"line":68},"8":{"name":"_callee2$","decl":{"start":{"line":69,"column":53},"end":{"line":69,"column":62}},"loc":{"start":{"line":69,"column":74},"end":{"line":90,"column":9}},"line":69},"9":{"name":"addProduct","decl":{"start":{"line":93,"column":15},"end":{"line":93,"column":25}},"loc":{"start":{"line":93,"column":30},"end":{"line":95,"column":7}},"line":93},"10":{"name":"(anonymous_10)","decl":{"start":{"line":101,"column":11},"end":{"line":101,"column":12}},"loc":{"start":{"line":101,"column":23},"end":{"line":157,"column":5}},"line":101},"11":{"name":"_callee3","decl":{"start":{"line":104,"column":44},"end":{"line":104,"column":52}},"loc":{"start":{"line":104,"column":73},"end":{"line":150,"column":7}},"line":104},"12":{"name":"_callee3$","decl":{"start":{"line":106,"column":53},"end":{"line":106,"column":62}},"loc":{"start":{"line":106,"column":74},"end":{"line":149,"column":9}},"line":106},"13":{"name":"updateProduct","decl":{"start":{"line":152,"column":15},"end":{"line":152,"column":28}},"loc":{"start":{"line":152,"column":39},"end":{"line":154,"column":7}},"line":152},"14":{"name":"(anonymous_14)","decl":{"start":{"line":160,"column":11},"end":{"line":160,"column":12}},"loc":{"start":{"line":160,"column":23},"end":{"line":199,"column":5}},"line":160},"15":{"name":"_callee4","decl":{"start":{"line":163,"column":44},"end":{"line":163,"column":52}},"loc":{"start":{"line":163,"column":57},"end":{"line":192,"column":7}},"line":163},"16":{"name":"_callee4$","decl":{"start":{"line":165,"column":53},"end":{"line":165,"column":62}},"loc":{"start":{"line":165,"column":74},"end":{"line":191,"column":9}},"line":165},"17":{"name":"getProduct","decl":{"start":{"line":194,"column":15},"end":{"line":194,"column":25}},"loc":{"start":{"line":194,"column":31},"end":{"line":196,"column":7}},"line":194},"18":{"name":"(anonymous_18)","decl":{"start":{"line":202,"column":11},"end":{"line":202,"column":12}},"loc":{"start":{"line":202,"column":23},"end":{"line":259,"column":5}},"line":202},"19":{"name":"_callee5","decl":{"start":{"line":205,"column":44},"end":{"line":205,"column":52}},"loc":{"start":{"line":205,"column":57},"end":{"line":252,"column":7}},"line":205},"20":{"name":"_callee5$","decl":{"start":{"line":207,"column":53},"end":{"line":207,"column":62}},"loc":{"start":{"line":207,"column":74},"end":{"line":251,"column":9}},"line":207},"21":{"name":"deleteProduct","decl":{"start":{"line":254,"column":15},"end":{"line":254,"column":28}},"loc":{"start":{"line":254,"column":34},"end":{"line":256,"column":7}},"line":254}},"branchMap":{"0":{"loc":{"start":{"line":35,"column":12},"end":{"line":52,"column":13}},"type":"switch","locations":[{"start":{"line":36,"column":14},"end":{"line":39,"column":60}},{"start":{"line":41,"column":14},"end":{"line":42,"column":64}},{"start":{"line":44,"column":14},"end":{"line":47,"column":34}},{"start":{"line":49,"column":14},"end":{"line":49,"column":21}},{"start":{"line":50,"column":14},"end":{"line":51,"column":39}}],"line":35},"1":{"loc":{"start":{"line":71,"column":12},"end":{"line":88,"column":13}},"type":"switch","locations":[{"start":{"line":72,"column":14},"end":{"line":75,"column":69}},{"start":{"line":77,"column":14},"end":{"line":78,"column":66}},{"start":{"line":80,"column":14},"end":{"line":83,"column":35}},{"start":{"line":85,"column":14},"end":{"line":85,"column":21}},{"start":{"line":86,"column":14},"end":{"line":87,"column":40}}],"line":71},"2":{"loc":{"start":{"line":108,"column":12},"end":{"line":147,"column":13}},"type":"switch","locations":[{"start":{"line":109,"column":14},"end":{"line":116,"column":19}},{"start":{"line":118,"column":14},"end":{"line":131,"column":19}},{"start":{"line":133,"column":14},"end":{"line":134,"column":66}},{"start":{"line":136,"column":14},"end":{"line":137,"column":56}},{"start":{"line":139,"column":14},"end":{"line":142,"column":35}},{"start":{"line":144,"column":14},"end":{"line":144,"column":22}},{"start":{"line":145,"column":14},"end":{"line":146,"column":40}}],"line":108},"3":{"loc":{"start":{"line":121,"column":16},"end":{"line":124,"column":17}},"type":"if","locations":[{"start":{"line":121,"column":16},"end":{"line":124,"column":17}},{"start":{"line":121,"column":16},"end":{"line":124,"column":17}}],"line":121},"4":{"loc":{"start":{"line":167,"column":12},"end":{"line":189,"column":13}},"type":"switch","locations":[{"start":{"line":168,"column":14},"end":{"line":175,"column":19}},{"start":{"line":177,"column":14},"end":{"line":179,"column":62}},{"start":{"line":181,"column":14},"end":{"line":184,"column":35}},{"start":{"line":186,"column":14},"end":{"line":186,"column":22}},{"start":{"line":187,"column":14},"end":{"line":188,"column":40}}],"line":167},"5":{"loc":{"start":{"line":209,"column":12},"end":{"line":249,"column":13}},"type":"switch","locations":[{"start":{"line":210,"column":14},"end":{"line":217,"column":19}},{"start":{"line":219,"column":14},"end":{"line":232,"column":19}},{"start":{"line":234,"column":14},"end":{"line":236,"column":66}},{"start":{"line":238,"column":14},"end":{"line":239,"column":56}},{"start":{"line":241,"column":14},"end":{"line":244,"column":35}},{"start":{"line":246,"column":14},"end":{"line":246,"column":22}},{"start":{"line":247,"column":14},"end":{"line":248,"column":40}}],"line":209},"6":{"loc":{"start":{"line":222,"column":16},"end":{"line":225,"column":17}},"type":"if","locations":[{"start":{"line":222,"column":16},"end":{"line":225,"column":17}},{"start":{"line":222,"column":16},"end":{"line":225,"column":17}}],"line":222}},"s":{"0":1,"1":1,"2":1,"3":1,"4":1,"5":1,"6":1,"7":1,"8":1,"9":0,"10":1,"11":1,"12":1,"13":3,"14":3,"15":1,"16":1,"17":1,"18":1,"19":0,"20":0,"21":0,"22":1,"23":1,"24":1,"25":1,"26":3,"27":9,"28":9,"29":3,"30":3,"31":3,"32":3,"33":0,"34":0,"35":0,"36":3,"37":3,"38":1,"39":1,"40":2,"41":7,"42":8,"43":2,"44":2,"45":2,"46":2,"47":2,"48":1,"49":1,"50":1,"51":1,"52":1,"53":1,"54":0,"55":0,"56":0,"57":2,"58":2,"59":1,"60":1,"61":2,"62":6,"63":6,"64":2,"65":2,"66":2,"67":2,"68":2,"69":0,"70":0,"71":0,"72":2,"73":2,"74":1,"75":1,"76":2,"77":7,"78":8,"79":2,"80":2,"81":2,"82":2,"83":2,"84":1,"85":1,"86":1,"87":1,"88":1,"89":1,"90":1,"91":0,"92":0,"93":0,"94":2,"95":2,"96":1,"97":1,"98":1,"99":1},"f":{"0":1,"1":0,"2":1,"3":1,"4":3,"5":1,"6":1,"7":3,"8":9,"9":3,"10":1,"11":2,"12":7,"13":2,"14":1,"15":2,"16":6,"17":2,"18":1,"19":2,"20":7,"21":2},"b":{"0":[1,1,0,0,1],"1":[3,3,0,0,3],"2":[2,2,1,1,0,0,2],"3":[1,1],"4":[2,2,0,0,2],"5":[2,2,1,1,0,0,2],"6":[1,1]},"inputSourceMap":{"version":3,"sources":["ProductService.js"],"names":["ProductService","database","Product","findAll","newProduct","create","id","updateProduct","findOne","where","Number","productToUpdate","update","theProduct","productToDelete","destroy","deletedProduct"],"mappings":";;;;;;;;;;;;;;;;;AAAA;;IAEMA,c;;;;;;;;;;;;;;;;;;;uBAGaC,mBAASC,OAAT,CAAiBC,OAAjB,E;;;;;;;;;;;;;;;;;;;;;;;;;;;;;qDAMOC,U;;;;;;;uBAEPH,mBAASC,OAAT,CAAiBG,MAAjB,CAAwBD,UAAxB,C;;;;;;;;;;;;;;;;;;;;;;;;;;;;;qDAMUE,E,EAAIC,c;;;;;;;;uBAEGN,mBAASC,OAAT,CAAiBM,OAAjB,CAAyB;AACrDC,kBAAAA,KAAK,EAAE;AAAEH,oBAAAA,EAAE,EAAEI,MAAM,CAACJ,EAAD;AAAZ;AAD8C,iBAAzB,C;;;AAAxBK,gBAAAA,e;;qBAIFA,e;;;;;;uBACIV,mBAASC,OAAT,CAAiBU,MAAjB,CAAwBL,cAAxB,EAAuC;AAAEE,kBAAAA,KAAK,EAAE;AAAEH,oBAAAA,EAAE,EAAEI,MAAM,CAACJ,EAAD;AAAZ;AAAT,iBAAvC,C;;;kDAECC,c;;;kDAEF,I;;;;;;;;;;;;;;;;;;;;;;;;;;qDAMaD,E;;;;;;;;uBAEKL,mBAASC,OAAT,CAAiBM,OAAjB,CAAyB;AAChDC,kBAAAA,KAAK,EAAE;AAAEH,oBAAAA,EAAE,EAAEI,MAAM,CAACJ,EAAD;AAAZ;AADyC,iBAAzB,C;;;AAAnBO,gBAAAA,U;kDAICA,U;;;;;;;;;;;;;;;;;;;;;;;;;;qDAMgBP,E;;;;;;;;uBAEOL,mBAASC,OAAT,CAAiBM,OAAjB,CAAyB;AAAEC,kBAAAA,KAAK,EAAE;AAAEH,oBAAAA,EAAE,EAAEI,MAAM,CAACJ,EAAD;AAAZ;AAAT,iBAAzB,C;;;AAAxBQ,gBAAAA,e;;qBAEFA,e;;;;;;uBAC2Bb,mBAASC,OAAT,CAAiBa,OAAjB,CAAyB;AACpDN,kBAAAA,KAAK,EAAE;AAAEH,oBAAAA,EAAE,EAAEI,MAAM,CAACJ,EAAD;AAAZ;AAD6C,iBAAzB,C;;;AAAvBU,gBAAAA,c;kDAGCA,c;;;kDAEF,I;;;;;;;;;;;;;;;;;;;;;;;;;eAOEhB,c","sourceRoot":"/app/api/server/services","sourcesContent":["import database from '../src/models';\n\nclass ProductService {\n  static async getAllProducts() {\n    try {\n      return await database.Product.findAll()\n    } catch (error) {\n      throw error\n    }\n  }\n\n  static async addProduct(newProduct) {\n    try {\n      return await database.Product.create(newProduct)\n    } catch (error) {\n      throw error\n    }\n  }\n\n  static async updateProduct(id, updateProduct) {\n    try {\n      const productToUpdate = await database.Product.findOne({\n        where: { id: Number(id) }\n      })\n\n      if (productToUpdate) {\n        await database.Product.update(updateProduct, { where: { id: Number(id) } })\n\n        return updateProduct\n      }\n      return null\n    } catch (error) {\n      throw error\n    }\n  }\n\n  static async getProduct(id) {\n    try {\n      const theProduct = await database.Product.findOne({\n        where: { id: Number(id) }\n      })\n\n      return theProduct\n    } catch (error) {\n      throw error\n    }\n  }\n\n  static async deleteProduct(id) {\n    try {\n      const productToDelete = await database.Product.findOne({ where: { id: Number(id) } })\n\n      if (productToDelete) {\n        const deletedProduct = await database.Product.destroy({\n          where: { id: Number(id) }\n        })\n        return deletedProduct\n      }\n      return null\n    } catch (error) {\n      throw error\n    }\n  }\n}\n\nexport default ProductService;"]},"_coverageSchema":"1a1c01bbd47fc00a2c39e90264f33305004495a9","hash":"aae1f796956a268b2c389defd2a346911fd0451a","contentHash":"4d7453a4ea1b180d3e371848f9894216a94b8b27f5da834f0ba5f0d7a040cf17"},"/app/api/server/src/models/index.js":{"path":"/app/api/server/src/models/index.js","statementMap":{"0":{"start":{"line":3,"column":29},"end":{"line":3,"column":84}},"1":{"start":{"line":5,"column":0},"end":{"line":7,"column":3}},"2":{"start":{"line":8,"column":0},"end":{"line":8,"column":28}},"3":{"start":{"line":10,"column":10},"end":{"line":10,"column":47}},"4":{"start":{"line":12,"column":12},"end":{"line":12,"column":51}},"5":{"start":{"line":14,"column":17},"end":{"line":14,"column":61}},"6":{"start":{"line":16,"column":14},"end":{"line":16,"column":65}},"7":{"start":{"line":18,"column":15},"end":{"line":18,"column":52}},"8":{"start":{"line":20,"column":10},"end":{"line":20,"column":47}},"9":{"start":{"line":21,"column":13},"end":{"line":21,"column":36}},"10":{"start":{"line":22,"column":0},"end":{"line":22,"column":46}},"11":{"start":{"line":23,"column":9},"end":{"line":23,"column":11}},"12":{"start":{"line":26,"column":0},"end":{"line":40,"column":1}},"13":{"start":{"line":27,"column":2},"end":{"line":27,"column":86}},"14":{"start":{"line":28,"column":2},"end":{"line":37,"column":5}},"15":{"start":{"line":39,"column":2},"end":{"line":39,"column":99}},"16":{"start":{"line":42,"column":0},"end":{"line":47,"column":3}},"17":{"start":{"line":43,"column":2},"end":{"line":43,"column":82}},"18":{"start":{"line":45,"column":14},"end":{"line":45,"column":73}},"19":{"start":{"line":46,"column":2},"end":{"line":46,"column":25}},"20":{"start":{"line":49,"column":0},"end":{"line":53,"column":3}},"21":{"start":{"line":50,"column":2},"end":{"line":52,"column":3}},"22":{"start":{"line":51,"column":4},"end":{"line":51,"column":32}},"23":{"start":{"line":54,"column":0},"end":{"line":54,"column":25}},"24":{"start":{"line":55,"column":0},"end":{"line":55,"column":37}},"25":{"start":{"line":56,"column":15},"end":{"line":56,"column":17}},"26":{"start":{"line":57,"column":0},"end":{"line":57,"column":30}}},"fnMap":{"0":{"name":"(anonymous_0)","decl":{"start":{"line":42,"column":45},"end":{"line":42,"column":46}},"loc":{"start":{"line":42,"column":61},"end":{"line":44,"column":1}},"line":42},"1":{"name":"(anonymous_1)","decl":{"start":{"line":44,"column":11},"end":{"line":44,"column":12}},"loc":{"start":{"line":44,"column":27},"end":{"line":47,"column":1}},"line":44},"2":{"name":"(anonymous_2)","decl":{"start":{"line":49,"column":24},"end":{"line":49,"column":25}},"loc":{"start":{"line":49,"column":45},"end":{"line":53,"column":1}},"line":49}},"branchMap":{"0":{"loc":{"start":{"line":20,"column":10},"end":{"line":20,"column":47}},"type":"binary-expr","locations":[{"start":{"line":20,"column":10},"end":{"line":20,"column":30}},{"start":{"line":20,"column":34},"end":{"line":20,"column":47}}],"line":20},"1":{"loc":{"start":{"line":26,"column":0},"end":{"line":40,"column":1}},"type":"if","locations":[{"start":{"line":26,"column":0},"end":{"line":40,"column":1}},{"start":{"line":26,"column":0},"end":{"line":40,"column":1}}],"line":26},"2":{"loc":{"start":{"line":43,"column":9},"end":{"line":43,"column":81}},"type":"binary-expr","locations":[{"start":{"line":43,"column":9},"end":{"line":43,"column":32}},{"start":{"line":43,"column":36},"end":{"line":43,"column":53}},{"start":{"line":43,"column":57},"end":{"line":43,"column":81}}],"line":43},"3":{"loc":{"start":{"line":50,"column":2},"end":{"line":52,"column":3}},"type":"if","locations":[{"start":{"line":50,"column":2},"end":{"line":52,"column":3}},{"start":{"line":50,"column":2},"end":{"line":52,"column":3}}],"line":50}},"s":{"0":1,"1":1,"2":1,"3":1,"4":1,"5":1,"6":1,"7":1,"8":1,"9":1,"10":1,"11":1,"12":1,"13":0,"14":0,"15":1,"16":1,"17":5,"18":4,"19":4,"20":1,"21":4,"22":4,"23":1,"24":1,"25":1,"26":1},"f":{"0":5,"1":4,"2":4},"b":{"0":[1,0],"1":[0,1],"2":[5,5,4],"3":[4,0]},"inputSourceMap":{"version":3,"sources":["index.js"],"names":["basename","path","__filename","env","process","NODE_ENV","config","configJson","console","log","db","sequelize","environment","Sequelize","use_env_variable","DB_NAME","DB_USER","DB_PASS","host","DB_HOST","port","DB_PORT","dialect","dialectOption","ssl","logging","database","username","password","fs","readdirSync","__dirname","filter","file","indexOf","slice","forEach","model","join","name","Object","keys","modelName","associate"],"mappings":";;;;;;;;;AAAA;;AACA;;AACA;;AACA;;AAEA,IAAMA,QAAQ,GAAGC,iBAAKD,QAAL,CAAcE,UAAd,CAAjB;;AACA,IAAMC,GAAG,GAAGC,OAAO,CAACD,GAAR,CAAYE,QAAZ,IAAwB,aAApC;AAEA,IAAMC,MAAM,GAAGC,mBAAWJ,GAAX,CAAf;AAEAK,OAAO,CAACC,GAAR,CAAY,2BAAZ,EAAyCN,GAAzC;AAEA,IAAMO,EAAE,GAAG,EAAX;AAEA,IAAIC,SAAJ;;AACA,IAAIL,MAAM,CAACM,WAAP,KAAuB,YAA3B,EAAyC;AACvCD,EAAAA,SAAS,GAAG,IAAIE,qBAAJ,CACVT,OAAO,CAACD,GAAR,CAAYG,MAAM,CAACQ,gBAAnB,CADU,EAC4BR,MAD5B,CAAZ;AAGAK,EAAAA,SAAS,GAAG,IAAIE,qBAAJ,CACVT,OAAO,CAACD,GAAR,CAAYY,OADF,EAEVX,OAAO,CAACD,GAAR,CAAYa,OAFF,EAGVZ,OAAO,CAACD,GAAR,CAAYc,OAHF,EAGW;AACnBC,IAAAA,IAAI,EAAEd,OAAO,CAACD,GAAR,CAAYgB,OADC;AAEnBC,IAAAA,IAAI,EAAEhB,OAAO,CAACD,GAAR,CAAYkB,OAFC;AAGnBC,IAAAA,OAAO,EAAE,UAHU;AAInBC,IAAAA,aAAa,EAAE;AACbC,MAAAA,GAAG,EAAE,IADQ;AAEb,gBAAQ;AAFK,KAJI;AAQnBC,IAAAA,OAAO,EAAE;AARU,GAHX,CAAZ;AAcD,CAlBD,MAkBO;AACLd,EAAAA,SAAS,GAAG,IAAIE,qBAAJ,CACVP,MAAM,CAACoB,QADG,EACOpB,MAAM,CAACqB,QADd,EACwBrB,MAAM,CAACsB,QAD/B,EACyCtB,MADzC,CAAZ;AAGD;;AAEDuB,eACGC,WADH,CACeC,SADf,EAEGC,MAFH,CAEU,UAAAC,IAAI,EAAI;AACd,SAAQA,IAAI,CAACC,OAAL,CAAa,GAAb,MAAsB,CAAvB,IACCD,IAAI,KAAKjC,QADV,IACwBiC,IAAI,CAACE,KAAL,CAAW,CAAC,CAAZ,MAAmB,KADlD;AAED,CALH,EAMGC,OANH,CAMW,UAAAH,IAAI,EAAI;AACf,MAAMI,KAAK,GAAG1B,SAAS,UAAT,CAAiBV,iBAAKqC,IAAL,CAAUP,SAAV,EAAqBE,IAArB,CAAjB,CAAd;AACAvB,EAAAA,EAAE,CAAC2B,KAAK,CAACE,IAAP,CAAF,GAAiBF,KAAjB;AACD,CATH;;AAWAG,MAAM,CAACC,IAAP,CAAY/B,EAAZ,EAAgB0B,OAAhB,CAAwB,UAAAM,SAAS,EAAI;AACnC,MAAIhC,EAAE,CAACgC,SAAD,CAAF,CAAcC,SAAlB,EAA6B;AAC3BjC,IAAAA,EAAE,CAACgC,SAAD,CAAF,CAAcC,SAAd,CAAwBjC,EAAxB;AACD;AACF,CAJD;AAMAA,EAAE,CAACC,SAAH,GAAeA,SAAf;AACAD,EAAE,CAACG,SAAH,GAAeA,qBAAf;eAEeH,E","sourceRoot":"/app/api/server/src/models","sourcesContent":["import fs from 'fs';\nimport path from 'path';\nimport Sequelize from 'sequelize';\nimport configJson from '../config/config';\n\nconst basename = path.basename(__filename);\nconst env = process.env.NODE_ENV || 'development';\n\nconst config = configJson[env];\n\nconsole.log('this is the environment: ', env);\n\nconst db = {};\n\nlet sequelize;\nif (config.environment === 'production') {\n  sequelize = new Sequelize(\n    process.env[config.use_env_variable], config\n    );\n  sequelize = new Sequelize(\n    process.env.DB_NAME,\n    process.env.DB_USER,\n    process.env.DB_PASS, {\n      host: process.env.DB_HOST,\n      port: process.env.DB_PORT,\n      dialect: 'postgres',\n      dialectOption: {\n        ssl: true,\n        native: true\n      },\n      logging: true\n    }\n  )\n} else {\n  sequelize = new Sequelize(\n    config.database, config.username, config.password, config\n  );\n}\n\nfs\n  .readdirSync(__dirname)\n  .filter(file => {\n    return (file.indexOf('.') !== 0) &&\n           (file !== basename) && (file.slice(-3) === '.js');\n  })\n  .forEach(file => {\n    const model = sequelize.import(path.join(__dirname, file));\n    db[model.name] = model;\n  });\n\nObject.keys(db).forEach(modelName => {\n  if (db[modelName].associate) {\n    db[modelName].associate(db);\n  }\n});\n\ndb.sequelize = sequelize;\ndb.Sequelize = Sequelize;\n\nexport default db;"]},"_coverageSchema":"1a1c01bbd47fc00a2c39e90264f33305004495a9","hash":"f6520978bf31e3011d55f4e7d5877a4336db362d","contentHash":"1e4f1af63286fd06ac86e479d26158acc4c7749e4d0820516a7d195ee3e0bc8e"},"/app/api/server/src/config/config.js":{"path":"/app/api/server/src/config/config.js","statementMap":{"0":{"start":{"line":3,"column":0},"end":{"line":25,"column":2}}},"fnMap":{},"branchMap":{},"s":{"0":1},"f":{},"b":{},"inputSourceMap":{"version":3,"sources":["config.js"],"names":["module","exports"],"mappings":";;AAAAA,MAAM,CAACC,OAAP,GAAiB;AACf,iBAAe;AACb,gBAAY,UADC;AAEb,gBAAY,IAFC;AAGb,gBAAY,oBAHC;AAIb,YAAQ,IAJK;AAKb,eAAW;AALE,GADA;AAQf,UAAQ;AACN,gBAAY,UADN;AAEN,gBAAY,IAFN;AAGN,gBAAY,aAHN;AAIN,YAAQ,IAJF;AAKN,eAAW;AALL,GARO;AAef,gBAAc;AACZ,gBAAY,UADA;AAEZ,gBAAY,IAFA;AAGZ,gBAAY,mBAHA;AAIZ,YAAQ,IAJI;AAKZ,eAAW;AALC;AAfC,CAAjB","sourceRoot":"/app/api/server/src/config","sourcesContent":["module.exports = {\n  \"development\": {\n    \"username\": \"postgres\",\n    \"password\": null,\n    \"database\": \"bq_api_development\",\n    \"host\": \"db\",\n    \"dialect\": \"postgres\",\n  },\n  \"test\": {\n    \"username\": \"postgres\",\n    \"password\": null,\n    \"database\": \"bq_api_test\",\n    \"host\": \"db\",\n    \"dialect\": \"postgres\",\n  },\n  \"production\": {\n    \"username\": \"postgres\",\n    \"password\": null,\n    \"database\": \"bq_api_production\",\n    \"host\": \"db\",\n    \"dialect\": \"postgres\",\n  }\n}"]},"_coverageSchema":"1a1c01bbd47fc00a2c39e90264f33305004495a9","hash":"9509c56e42f07418c951a1d5eb434a0c31813492","contentHash":"2e5c4932ca4d386bf50b5b9ed85e31eaf3adaa01612461596b03e8bf37f6c2ba"},"/app/api/server/src/models/order.js":{"path":"/app/api/server/src/models/order.js","statementMap":{"0":{"start":{"line":3,"column":0},"end":{"line":15,"column":2}},"1":{"start":{"line":4,"column":14},"end":{"line":7,"column":8}},"2":{"start":{"line":9,"column":2},"end":{"line":12,"column":4}},"3":{"start":{"line":10,"column":4},"end":{"line":10,"column":38}},"4":{"start":{"line":11,"column":4},"end":{"line":11,"column":34}},"5":{"start":{"line":14,"column":2},"end":{"line":14,"column":15}}},"fnMap":{"0":{"name":"(anonymous_0)","decl":{"start":{"line":3,"column":17},"end":{"line":3,"column":18}},"loc":{"start":{"line":3,"column":49},"end":{"line":15,"column":1}},"line":3},"1":{"name":"(anonymous_1)","decl":{"start":{"line":9,"column":20},"end":{"line":9,"column":21}},"loc":{"start":{"line":9,"column":38},"end":{"line":12,"column":3}},"line":9}},"branchMap":{},"s":{"0":1,"1":1,"2":1,"3":1,"4":1,"5":1},"f":{"0":1,"1":1},"b":{},"inputSourceMap":{"version":3,"sources":["order.js"],"names":["module","exports","sequelize","DataTypes","Order","define","TableId","INTEGER","status_order","STRING","associate","models","hasMany","Order_Itens","belongsTo","Table"],"mappings":"AAAA;;AACAA,MAAM,CAACC,OAAP,GAAiB,UAACC,SAAD,EAAYC,SAAZ,EAA0B;AACzC,MAAMC,KAAK,GAAGF,SAAS,CAACG,MAAV,CAAiB,OAAjB,EAA0B;AACtCC,IAAAA,OAAO,EAAEH,SAAS,CAACI,OADmB;AAEtCC,IAAAA,YAAY,EAAEL,SAAS,CAACM;AAFc,GAA1B,EAGX,EAHW,CAAd;;AAIAL,EAAAA,KAAK,CAACM,SAAN,GAAkB,UAASC,MAAT,EAAiB;AACjCP,IAAAA,KAAK,CAACQ,OAAN,CAAcD,MAAM,CAACE,WAArB;AACAT,IAAAA,KAAK,CAACU,SAAN,CAAgBH,MAAM,CAACI,KAAvB;AACD,GAHD;;AAIA,SAAOX,KAAP;AACD,CAVD","sourceRoot":"/app/api/server/src/models","sourcesContent":["'use strict';\nmodule.exports = (sequelize, DataTypes) => {\n  const Order = sequelize.define('Order', {\n    TableId: DataTypes.INTEGER,\n    status_order: DataTypes.STRING\n  }, {});\n  Order.associate = function(models) {\n    Order.hasMany(models.Order_Itens);\n    Order.belongsTo(models.Table);\n  };\n  return Order;\n};"]},"_coverageSchema":"1a1c01bbd47fc00a2c39e90264f33305004495a9","hash":"bdf91c1414c37182da34b77e095e5ff7aeb14509","contentHash":"7f2d7b97eed653235d10ea8cbbfaeb24d5d074457232c127900429ebe9465b13"},"/app/api/server/src/models/order_itens.js":{"path":"/app/api/server/src/models/order_itens.js","statementMap":{"0":{"start":{"line":3,"column":0},"end":{"line":14,"column":2}},"1":{"start":{"line":4,"column":20},"end":{"line":8,"column":8}},"2":{"start":{"line":10,"column":2},"end":{"line":11,"column":4}},"3":{"start":{"line":13,"column":2},"end":{"line":13,"column":21}}},"fnMap":{"0":{"name":"(anonymous_0)","decl":{"start":{"line":3,"column":17},"end":{"line":3,"column":18}},"loc":{"start":{"line":3,"column":49},"end":{"line":14,"column":1}},"line":3},"1":{"name":"(anonymous_1)","decl":{"start":{"line":10,"column":26},"end":{"line":10,"column":27}},"loc":{"start":{"line":10,"column":44},"end":{"line":11,"column":3}},"line":10}},"branchMap":{},"s":{"0":1,"1":1,"2":1,"3":1},"f":{"0":1,"1":1},"b":{},"inputSourceMap":{"version":3,"sources":["order_itens.js"],"names":["module","exports","sequelize","DataTypes","Order_Itens","define","ProductId","INTEGER","OrderId","status_item","STRING","associate","models"],"mappings":"AAAA;;AACAA,MAAM,CAACC,OAAP,GAAiB,UAACC,SAAD,EAAYC,SAAZ,EAA0B;AACzC,MAAMC,WAAW,GAAGF,SAAS,CAACG,MAAV,CAAiB,aAAjB,EAAgC;AAClDC,IAAAA,SAAS,EAAEH,SAAS,CAACI,OAD6B;AAElDC,IAAAA,OAAO,EAAEL,SAAS,CAACI,OAF+B;AAGlDE,IAAAA,WAAW,EAAEN,SAAS,CAACO;AAH2B,GAAhC,EAIjB,EAJiB,CAApB;;AAKAN,EAAAA,WAAW,CAACO,SAAZ,GAAwB,UAASC,MAAT,EAAiB,CACvC;AACD,GAFD;;AAGA,SAAOR,WAAP;AACD,CAVD","sourceRoot":"/app/api/server/src/models","sourcesContent":["'use strict';\nmodule.exports = (sequelize, DataTypes) => {\n  const Order_Itens = sequelize.define('Order_Itens', {\n    ProductId: DataTypes.INTEGER,\n    OrderId: DataTypes.INTEGER,\n    status_item: DataTypes.STRING\n  }, {});\n  Order_Itens.associate = function(models) {\n    // associations can be defined here\n  };\n  return Order_Itens; \n};"]},"_coverageSchema":"1a1c01bbd47fc00a2c39e90264f33305004495a9","hash":"cd02772dfc275524f0211913f1c311b6da683958","contentHash":"7cd2e5b6c383015ce1c989f072e2e52884733d0d255f1d7121e73787694ed82a"},"/app/api/server/src/models/products.js":{"path":"/app/api/server/src/models/products.js","statementMap":{"0":{"start":{"line":3,"column":0},"end":{"line":15,"column":2}},"1":{"start":{"line":4,"column":16},"end":{"line":8,"column":8}},"2":{"start":{"line":10,"column":2},"end":{"line":12,"column":4}},"3":{"start":{"line":11,"column":4},"end":{"line":11,"column":40}},"4":{"start":{"line":14,"column":2},"end":{"line":14,"column":17}}},"fnMap":{"0":{"name":"(anonymous_0)","decl":{"start":{"line":3,"column":17},"end":{"line":3,"column":18}},"loc":{"start":{"line":3,"column":49},"end":{"line":15,"column":1}},"line":3},"1":{"name":"(anonymous_1)","decl":{"start":{"line":10,"column":22},"end":{"line":10,"column":23}},"loc":{"start":{"line":10,"column":40},"end":{"line":12,"column":3}},"line":10}},"branchMap":{},"s":{"0":1,"1":1,"2":1,"3":1,"4":1},"f":{"0":1,"1":1},"b":{},"inputSourceMap":{"version":3,"sources":["products.js"],"names":["module","exports","sequelize","DataTypes","Product","define","itens","STRING","price","INTEGER","is_alcoholic","BOOLEAN","associate","models","hasMany","Order_Itens"],"mappings":"AAAA;;AACAA,MAAM,CAACC,OAAP,GAAiB,UAACC,SAAD,EAAYC,SAAZ,EAA0B;AACzC,MAAMC,OAAO,GAAGF,SAAS,CAACG,MAAV,CAAiB,SAAjB,EAA4B;AAC1CC,IAAAA,KAAK,EAAEH,SAAS,CAACI,MADyB;AAE1CC,IAAAA,KAAK,EAAEL,SAAS,CAACM,OAFyB;AAG1CC,IAAAA,YAAY,EAAEP,SAAS,CAACQ;AAHkB,GAA5B,EAIb,EAJa,CAAhB;;AAKAP,EAAAA,OAAO,CAACQ,SAAR,GAAoB,UAACC,MAAD,EAAY;AAC9BT,IAAAA,OAAO,CAACU,OAAR,CAAgBD,MAAM,CAACE,WAAvB;AACD,GAFD;;AAGA,SAAOX,OAAP;AACD,CAVD","sourceRoot":"/app/api/server/src/models","sourcesContent":["'use strict';\nmodule.exports = (sequelize, DataTypes) => {\n  const Product = sequelize.define('Product', {\n    itens: DataTypes.STRING,\n    price: DataTypes.INTEGER,\n    is_alcoholic: DataTypes.BOOLEAN\n  }, {});\n  Product.associate = (models) => {\n    Product.hasMany(models.Order_Itens);\n  };\n  return Product;\n};\n"]},"_coverageSchema":"1a1c01bbd47fc00a2c39e90264f33305004495a9","hash":"1fd49bd748fde9b7f1e00232995223ade5ae8f8a","contentHash":"0f697f9954d5fbfd7c95bf2fe4fbcabf943fa6787d09fc338d58d6746155c5a7"},"/app/api/server/src/models/table.js":{"path":"/app/api/server/src/models/table.js","statementMap":{"0":{"start":{"line":3,"column":0},"end":{"line":13,"column":2}},"1":{"start":{"line":4,"column":14},"end":{"line":6,"column":8}},"2":{"start":{"line":8,"column":2},"end":{"line":10,"column":4}},"3":{"start":{"line":9,"column":4},"end":{"line":9,"column":32}},"4":{"start":{"line":12,"column":2},"end":{"line":12,"column":15}}},"fnMap":{"0":{"name":"(anonymous_0)","decl":{"start":{"line":3,"column":17},"end":{"line":3,"column":18}},"loc":{"start":{"line":3,"column":49},"end":{"line":13,"column":1}},"line":3},"1":{"name":"(anonymous_1)","decl":{"start":{"line":8,"column":20},"end":{"line":8,"column":21}},"loc":{"start":{"line":8,"column":38},"end":{"line":10,"column":3}},"line":8}},"branchMap":{},"s":{"0":1,"1":1,"2":1,"3":1,"4":1},"f":{"0":1,"1":1},"b":{},"inputSourceMap":{"version":3,"sources":["table.js"],"names":["module","exports","sequelize","DataTypes","Table","define","number","INTEGER","associate","models","hasMany","Order"],"mappings":"AAAA;;AACAA,MAAM,CAACC,OAAP,GAAiB,UAACC,SAAD,EAAYC,SAAZ,EAA0B;AACzC,MAAMC,KAAK,GAAGF,SAAS,CAACG,MAAV,CAAiB,OAAjB,EAA0B;AACtCC,IAAAA,MAAM,EAAEH,SAAS,CAACI;AADoB,GAA1B,EAEX,EAFW,CAAd;;AAGAH,EAAAA,KAAK,CAACI,SAAN,GAAkB,UAACC,MAAD,EAAY;AAC5BL,IAAAA,KAAK,CAACM,OAAN,CAAcD,MAAM,CAACE,KAArB;AACD,GAFD;;AAGA,SAAOP,KAAP;AACD,CARD","sourceRoot":"/app/api/server/src/models","sourcesContent":["'use strict';\nmodule.exports = (sequelize, DataTypes) => {\n  const Table = sequelize.define('Table', {\n    number: DataTypes.INTEGER\n  }, {});\n  Table.associate = (models) => {\n    Table.hasMany(models.Order);\n  };\n  return Table;\n};"]},"_coverageSchema":"1a1c01bbd47fc00a2c39e90264f33305004495a9","hash":"b7d10e580f3215e4fc3edc55e0765a564e4e309f","contentHash":"a436958de920d697601122f798b9d1c15a7e3eb71af47cc9a826b60bdcfccb94"},"/app/api/server/utils/Utils.js":{"path":"/app/api/server/utils/Utils.js","statementMap":{"0":{"start":{"line":3,"column":29},"end":{"line":3,"column":84}},"1":{"start":{"line":5,"column":0},"end":{"line":7,"column":3}},"2":{"start":{"line":8,"column":0},"end":{"line":8,"column":28}},"3":{"start":{"line":10,"column":23},"end":{"line":10,"column":95}},"4":{"start":{"line":12,"column":20},"end":{"line":12,"column":89}},"5":{"start":{"line":16,"column":0},"end":{"line":60,"column":3}},"6":{"start":{"line":18,"column":4},"end":{"line":18,"column":49}},"7":{"start":{"line":19,"column":4},"end":{"line":19,"column":27}},"8":{"start":{"line":20,"column":4},"end":{"line":20,"column":21}},"9":{"start":{"line":21,"column":4},"end":{"line":21,"column":21}},"10":{"start":{"line":22,"column":4},"end":{"line":22,"column":24}},"11":{"start":{"line":25,"column":2},"end":{"line":58,"column":6}},"12":{"start":{"line":28,"column":6},"end":{"line":28,"column":35}},"13":{"start":{"line":29,"column":6},"end":{"line":29,"column":29}},"14":{"start":{"line":30,"column":6},"end":{"line":30,"column":23}},"15":{"start":{"line":31,"column":6},"end":{"line":31,"column":28}},"16":{"start":{"line":36,"column":6},"end":{"line":36,"column":35}},"17":{"start":{"line":37,"column":6},"end":{"line":37,"column":29}},"18":{"start":{"line":38,"column":6},"end":{"line":38,"column":26}},"19":{"start":{"line":43,"column":19},"end":{"line":47,"column":7}},"20":{"start":{"line":49,"column":6},"end":{"line":51,"column":7}},"21":{"start":{"line":50,"column":8},"end":{"line":50,"column":56}},"22":{"start":{"line":53,"column":6},"end":{"line":56,"column":9}},"23":{"start":{"line":59,"column":2},"end":{"line":59,"column":14}},"24":{"start":{"line":62,"column":0},"end":{"line":62,"column":26}}},"fnMap":{"0":{"name":"(anonymous_0)","decl":{"start":{"line":16,"column":0},"end":{"line":16,"column":1}},"loc":{"start":{"line":16,"column":12},"end":{"line":60,"column":1}},"line":16},"1":{"name":"Util","decl":{"start":{"line":17,"column":11},"end":{"line":17,"column":15}},"loc":{"start":{"line":17,"column":18},"end":{"line":23,"column":3}},"line":17},"2":{"name":"setSuccess","decl":{"start":{"line":27,"column":20},"end":{"line":27,"column":30}},"loc":{"start":{"line":27,"column":58},"end":{"line":32,"column":5}},"line":27},"3":{"name":"setError","decl":{"start":{"line":35,"column":20},"end":{"line":35,"column":28}},"loc":{"start":{"line":35,"column":50},"end":{"line":39,"column":5}},"line":35},"4":{"name":"send","decl":{"start":{"line":42,"column":20},"end":{"line":42,"column":24}},"loc":{"start":{"line":42,"column":30},"end":{"line":57,"column":5}},"line":42}},"branchMap":{"0":{"loc":{"start":{"line":49,"column":6},"end":{"line":51,"column":7}},"type":"if","locations":[{"start":{"line":49,"column":6},"end":{"line":51,"column":7}},{"start":{"line":49,"column":6},"end":{"line":51,"column":7}}],"line":49}},"s":{"0":1,"1":1,"2":1,"3":1,"4":1,"5":1,"6":4,"7":4,"8":4,"9":4,"10":4,"11":1,"12":26,"13":26,"14":26,"15":26,"16":22,"17":22,"18":22,"19":48,"20":48,"21":26,"22":22,"23":1,"24":1},"f":{"0":1,"1":4,"2":26,"3":22,"4":48},"b":{"0":[26,22]},"inputSourceMap":{"version":3,"sources":["Utils.js"],"names":["Util","statusCode","type","data","message","res","result","status","json"],"mappings":";;;;;;;;;;;;;IAAqBA,I;;;AACnB,kBAAc;AAAA;AACZ,SAAKC,UAAL,GAAkB,IAAlB;AACA,SAAKC,IAAL,GAAY,IAAZ;AACA,SAAKC,IAAL,GAAY,IAAZ;AACA,SAAKC,OAAL,GAAe,IAAf;AACD;;;;+BAEUH,U,EAAYG,O,EAASD,I,EAAM;AACpC,WAAKF,UAAL,GAAkBA,UAAlB;AACA,WAAKG,OAAL,GAAeA,OAAf;AACA,WAAKD,IAAL,GAAYA,IAAZ;AACA,WAAKD,IAAL,GAAY,SAAZ;AACD;;;6BAEQD,U,EAAYG,O,EAAS;AAC5B,WAAKH,UAAL,GAAkBA,UAAlB;AACA,WAAKG,OAAL,GAAeA,OAAf;AACA,WAAKF,IAAL,GAAY,OAAZ;AACD;;;yBAEIG,G,EAAK;AACR,UAAMC,MAAM,GAAG;AACbC,QAAAA,MAAM,EAAE,KAAKL,IADA;AAEbE,QAAAA,OAAO,EAAE,KAAKA,OAFD;AAGbD,QAAAA,IAAI,EAAE,KAAKA;AAHE,OAAf;;AAMA,UAAI,KAAKD,IAAL,KAAc,SAAlB,EAA6B;AAC3B,eAAOG,GAAG,CAACE,MAAJ,CAAW,KAAKN,UAAhB,EAA4BO,IAA5B,CAAiCF,MAAjC,CAAP;AACD;;AACD,aAAOD,GAAG,CAACE,MAAJ,CAAW,KAAKN,UAAhB,EAA4BO,IAA5B,CAAiC;AACtCD,QAAAA,MAAM,EAAE,KAAKL,IADyB;AAEtCE,QAAAA,OAAO,EAAE,KAAKA;AAFwB,OAAjC,CAAP;AAID","sourceRoot":"/app/api/server/utils","sourcesContent":["export default class Util {\n  constructor() {\n    this.statusCode = null\n    this.type = null\n    this.data = null\n    this.message = null\n  }\n\n  setSuccess(statusCode, message, data) {\n    this.statusCode = statusCode\n    this.message = message\n    this.data = data\n    this.type = 'success'\n  }\n\n  setError(statusCode, message) {\n    this.statusCode = statusCode\n    this.message = message\n    this.type = 'error'\n  }\n\n  send(res) {\n    const result = {\n      status: this.type,\n      message: this.message,\n      data: this.data,\n    }\n\n    if (this.type === 'success') {\n      return res.status(this.statusCode).json(result)\n    }\n    return res.status(this.statusCode).json({\n      status: this.type,\n      message: this.message,\n    })\n  }\n}"]},"_coverageSchema":"1a1c01bbd47fc00a2c39e90264f33305004495a9","hash":"064f4f29d429849426dbad1ac7fdc28e7acf57f9","contentHash":"af8c3acb209ee7798b7cacb55c4c93c5ba2508fb8a75ec56f786d8876402a471"},"/app/api/server/routes/OrderRoutes.js":{"path":"/app/api/server/routes/OrderRoutes.js","statementMap":{"0":{"start":{"line":3,"column":29},"end":{"line":3,"column":84}},"1":{"start":{"line":5,"column":0},"end":{"line":7,"column":3}},"2":{"start":{"line":8,"column":0},"end":{"line":8,"column":28}},"3":{"start":{"line":10,"column":15},"end":{"line":10,"column":33}},"4":{"start":{"line":12,"column":23},"end":{"line":12,"column":88}},"5":{"start":{"line":14,"column":13},"end":{"line":14,"column":35}},"6":{"start":{"line":15,"column":0},"end":{"line":15,"column":58}},"7":{"start":{"line":16,"column":0},"end":{"line":16,"column":70}},"8":{"start":{"line":17,"column":0},"end":{"line":17,"column":68}},"9":{"start":{"line":18,"column":0},"end":{"line":18,"column":66}},"10":{"start":{"line":19,"column":0},"end":{"line":19,"column":55}},"11":{"start":{"line":20,"column":0},"end":{"line":20,"column":65}},"12":{"start":{"line":21,"column":0},"end":{"line":21,"column":57}},"13":{"start":{"line":22,"column":0},"end":{"line":22,"column":61}},"14":{"start":{"line":23,"column":0},"end":{"line":23,"column":71}},"15":{"start":{"line":24,"column":0},"end":{"line":24,"column":66}},"16":{"start":{"line":25,"column":0},"end":{"line":25,"column":76}},"17":{"start":{"line":26,"column":15},"end":{"line":26,"column":21}},"18":{"start":{"line":27,"column":0},"end":{"line":27,"column":30}}},"fnMap":{},"branchMap":{},"s":{"0":1,"1":1,"2":1,"3":1,"4":1,"5":1,"6":1,"7":1,"8":1,"9":1,"10":1,"11":1,"12":1,"13":1,"14":1,"15":1,"16":1,"17":1,"18":1},"f":{},"b":{},"inputSourceMap":{"version":3,"sources":["OrderRoutes.js"],"names":["router","get","OrderController","getAllOrders","getItensOfOrder","getAllOrdersItens","getOrderItem","post","addOrder","addOrderItens","getOrder","put","updatedOrder","updatedOrderItem","deleteOrder","deleteOrderItem"],"mappings":";;;;;;;;;AAAA;;AACA;;AAEA,IAAMA,MAAM,GAAG,sBAAf;AACAA,MAAM,CAACC,GAAP,CAAW,GAAX,EAAgBC,4BAAgBC,YAAhC;AACAH,MAAM,CAACC,GAAP,CAAW,YAAX,EAAyBC,4BAAgBE,eAAzC;AACAJ,MAAM,CAACC,GAAP,CAAW,QAAX,EAAqBC,4BAAgBG,iBAArC;AACAL,MAAM,CAACC,GAAP,CAAW,WAAX,EAAwBC,4BAAgBI,YAAxC;AACAN,MAAM,CAACO,IAAP,CAAY,GAAZ,EAAiBL,4BAAgBM,QAAjC;AACAR,MAAM,CAACO,IAAP,CAAY,QAAZ,EAAsBL,4BAAgBO,aAAtC;AACAT,MAAM,CAACC,GAAP,CAAW,MAAX,EAAmBC,4BAAgBQ,QAAnC;AACAV,MAAM,CAACW,GAAP,CAAW,MAAX,EAAmBT,4BAAgBU,YAAnC;AACAZ,MAAM,CAACW,GAAP,CAAW,YAAX,EAAyBT,4BAAgBW,gBAAzC;AACAb,MAAM,UAAN,CAAc,MAAd,EAAsBE,4BAAgBY,WAAtC;AACAd,MAAM,UAAN,CAAc,YAAd,EAA4BE,4BAAgBa,eAA5C;eAEef,M","sourceRoot":"/app/api/server/routes","sourcesContent":["import { Router } from 'express';\nimport OrderController from '../controllers/OrderController';\n\nconst router = Router();\nrouter.get('/', OrderController.getAllOrders);\nrouter.get('/itens/:id', OrderController.getItensOfOrder);\nrouter.get('/itens', OrderController.getAllOrdersItens);\nrouter.get('/item/:id', OrderController.getOrderItem);\nrouter.post('/', OrderController.addOrder);\nrouter.post('/itens', OrderController.addOrderItens);\nrouter.get('/:id', OrderController.getOrder);\nrouter.put('/:id', OrderController.updatedOrder);\nrouter.put('/itens/:id', OrderController.updatedOrderItem);\nrouter.delete('/:id', OrderController.deleteOrder);\nrouter.delete('/itens/:id', OrderController.deleteOrderItem);\n\nexport default router;\n"]},"_coverageSchema":"1a1c01bbd47fc00a2c39e90264f33305004495a9","hash":"366796ee77c682417802b0d5f34da88104e3cffd","contentHash":"23bca6815411e7a445d9a96d127ef4fb8b9048495ce403272a024f0f3a799324"},"/app/api/server/controllers/OrderController.js":{"path":"/app/api/server/controllers/OrderController.js","statementMap":{"0":{"start":{"line":3,"column":29},"end":{"line":3,"column":84}},"1":{"start":{"line":5,"column":0},"end":{"line":7,"column":3}},"2":{"start":{"line":8,"column":0},"end":{"line":8,"column":28}},"3":{"start":{"line":10,"column":19},"end":{"line":10,"column":80}},"4":{"start":{"line":12,"column":25},"end":{"line":12,"column":99}},"5":{"start":{"line":14,"column":23},"end":{"line":14,"column":95}},"6":{"start":{"line":16,"column":20},"end":{"line":16,"column":89}},"7":{"start":{"line":18,"column":20},"end":{"line":18,"column":79}},"8":{"start":{"line":20,"column":13},"end":{"line":20,"column":62}},"9":{"start":{"line":22,"column":11},"end":{"line":22,"column":34}},"10":{"start":{"line":26,"column":0},"end":{"line":626,"column":3}},"11":{"start":{"line":28,"column":4},"end":{"line":28,"column":60}},"12":{"start":{"line":31,"column":2},"end":{"line":624,"column":6}},"13":{"start":{"line":34,"column":26},"end":{"line":69,"column":9}},"14":{"start":{"line":38,"column":8},"end":{"line":68,"column":36}},"15":{"start":{"line":39,"column":10},"end":{"line":67,"column":11}},"16":{"start":{"line":40,"column":12},"end":{"line":66,"column":13}},"17":{"start":{"line":42,"column":16},"end":{"line":42,"column":34}},"18":{"start":{"line":43,"column":16},"end":{"line":43,"column":34}},"19":{"start":{"line":44,"column":16},"end":{"line":44,"column":63}},"20":{"start":{"line":47,"column":16},"end":{"line":47,"column":42}},"21":{"start":{"line":49,"column":16},"end":{"line":53,"column":17}},"22":{"start":{"line":50,"column":18},"end":{"line":50,"column":70}},"23":{"start":{"line":52,"column":18},"end":{"line":52,"column":58}},"24":{"start":{"line":55,"column":16},"end":{"line":55,"column":65}},"25":{"start":{"line":58,"column":16},"end":{"line":58,"column":34}},"26":{"start":{"line":59,"column":16},"end":{"line":59,"column":51}},"27":{"start":{"line":60,"column":16},"end":{"line":60,"column":48}},"28":{"start":{"line":61,"column":16},"end":{"line":61,"column":65}},"29":{"start":{"line":65,"column":16},"end":{"line":65,"column":39}},"30":{"start":{"line":72,"column":8},"end":{"line":72,"column":52}},"31":{"start":{"line":75,"column":6},"end":{"line":75,"column":26}},"32":{"start":{"line":80,"column":22},"end":{"line":119,"column":9}},"33":{"start":{"line":84,"column":8},"end":{"line":118,"column":38}},"34":{"start":{"line":85,"column":10},"end":{"line":117,"column":11}},"35":{"start":{"line":86,"column":12},"end":{"line":116,"column":13}},"36":{"start":{"line":88,"column":16},"end":{"line":91,"column":17}},"37":{"start":{"line":89,"column":18},"end":{"line":89,"column":37}},"38":{"start":{"line":90,"column":18},"end":{"line":90,"column":24}},"39":{"start":{"line":93,"column":16},"end":{"line":93,"column":70}},"40":{"start":{"line":94,"column":16},"end":{"line":94,"column":66}},"41":{"start":{"line":97,"column":16},"end":{"line":97,"column":36}},"42":{"start":{"line":98,"column":16},"end":{"line":98,"column":35}},"43":{"start":{"line":99,"column":16},"end":{"line":99,"column":35}},"44":{"start":{"line":100,"column":16},"end":{"lin
[...]
Item) {\n        util.setError(404, `Cannot find order item with the id: ${id}`)\n      } else {\n        util.setSuccess(200, 'Order item updated', updateOrderItem)\n      }\n      return util.send(res)\n    } catch (error) {\n      util.setError(404, error)\n      return util.send(res)\n    }\n  }\n\n  static async getOrderItem(req, res) {\n    const { id } = req.params\n\n    if (!Number(id)) {\n      util.setError(400, 'Please input a valid numeric value')\n      return util.send(res)\n    }\n\n    try {\n      const theOrderItem = await OrderItemService.getOrderItem(id)\n\n      if (!theOrderItem) {\n        util.setError(404, `Cannot find order item with the id ${id}`)\n      } else {\n        util.setSuccess(200, 'Found order item', theOrderItem)\n      }\n      return util.send(res)\n    } catch (error) {\n      util.setError(404, error)\n      return util.send(res)\n    }\n  }\n\n  static async deleteOrderItem(req, res) {\n    const { id } = req.params\n\n    if (!Number(id)) {\n      util.setError(400, 'Please provide a numeric value')\n      return util.send(res)\n    }\n\n    try {\n      const orderItemToDelete = await OrderItemService.deleteOrderItem(id)\n\n      if (orderItemToDelete) {\n        util.setSuccess(200, 'Order item deleted')\n      } else {\n        util.setError(404, `Order item with the id ${id} cannot be found`)\n      }\n      return util.send(res)\n    } catch (error) {\n      util.setError(400, error)\n      return util.send(res)\n    }\n  }\n}\n\nexport default OrderItensController;"]},"_coverageSchema":"1a1c01bbd47fc00a2c39e90264f33305004495a9","hash":"49df05e72c2418e132f0719122c2984b3d049598","contentHash":"edb14f80c208a2cc2561e4a919cca2630b13ea04414eecf8185acb7e41421fdf"},"/app/api/server/services/OrderItemService.js":{"path":"/app/api/server/services/OrderItemService.js","statementMap":{"0":{"start":{"line":3,"column":29},"end":{"line":3,"column":84}},"1":{"start":{"line":5,"column":0},"end":{"line":7,"column":3}},"2":{"start":{"line":8,"column":0},"end":{"line":8,"column":28}},"3":{"start":{"line":10,"column":19},"end":{"line":10,"column":80}},"4":{"start":{"line":12,"column":25},"end":{"line":12,"column":99}},"5":{"start":{"line":14,"column":23},"end":{"line":14,"column":95}},"6":{"start":{"line":16,"column":20},"end":{"line":16,"column":89}},"7":{"start":{"line":18,"column":14},"end":{"line":18,"column":62}},"8":{"start":{"line":22,"column":0},"end":{"line":262,"column":3}},"9":{"start":{"line":24,"column":4},"end":{"line":24,"column":61}},"10":{"start":{"line":27,"column":2},"end":{"line":260,"column":6}},"11":{"start":{"line":30,"column":30},"end":{"line":55,"column":9}},"12":{"start":{"line":33,"column":8},"end":{"line":54,"column":36}},"13":{"start":{"line":34,"column":10},"end":{"line":53,"column":11}},"14":{"start":{"line":35,"column":12},"end":{"line":52,"column":13}},"15":{"start":{"line":37,"column":16},"end":{"line":37,"column":34}},"16":{"start":{"line":38,"column":16},"end":{"line":38,"column":34}},"17":{"start":{"line":39,"column":16},"end":{"line":39,"column":64}},"18":{"start":{"line":42,"column":16},"end":{"line":42,"column":64}},"19":{"start":{"line":45,"column":16},"end":{"line":45,"column":34}},"20":{"start":{"line":46,"column":16},"end":{"line":46,"column":51}},"21":{"start":{"line":47,"column":16},"end":{"line":47,"column":34}},"22":{"start":{"line":51,"column":16},"end":{"line":51,"column":39}},"23":{"start":{"line":58,"column":8},"end":{"line":58,"column":56}},"24":{"start":{"line":61,"column":6},"end":{"line":61,"column":30}},"25":{"start":{"line":66,"column":26},"end":{"line":91,"column":9}},"26":{"start":{"line":69,"column":8},"end":{"line":90,"column":37}},"27":{"start":{"line":70,"column":10},"end":{"line":89,"column":11}},"28":{"start":{"line":71,"column":12},"end":{"line":88,"column":13}},"29":{"start":{"line":73,"column":16},"end":{"line":73,"column":35}},"30":{"start":{"line":74,"column":16},"end":{"line":74,"column":35}},"31":{"start":{"line":75,"column":16},"end":{"line":75,"column":75}},"32":{"start":{"line":78,"column":16},"end":{"line":78,"column":66}},"33":{"start":{"line":81,"column":16},"end":{"line":81,"column":35}},"34":{"start":{"line":82,"column":16},"end":{"line":82,"column":53}},"35":{"start":{"line":83,"column":16},"end":{"line":83,"column":35}},"36":{"start":{"line":87,"column":16},"end":{"line":87,"column":40}},"37":{"start":{"line":94,"column":8},"end":{"line":94,"column":52}},"38":{"start":{"line":97,"column":6},"end":{"line":97,"column":26}},"39":{"start":{"line":102,"column":30},"end":{"line":150,"column":9}},"40":{"start":{"line":106,"column":8},"end":{"line":149,"column":38}},"41":{"start":{"line":107,"column":10},"end":{"line":148,"column":11}},"42":{"start":{"line":108,"column":12},"end":{"line":147,"column":13}},"43":{"start":{"line":110,"column":16},"end":{"line":110,"column":35}},"44":{"start":{"line":111,"column":16},"end":{"line":111,"column":35}},"45":{"start":{"line":112,"column":16},"end":{"line":116,"column":19}},"46":{"start":{"line":119,"column":16},"end":{"line":119,"column":51}},"47":{"start":{"line":121,"column":16},"end":{"line":124,"column":17}},"48":{"start":{"line":122,"column":18},"end":{"line":122,"column":37}},"49":{"start":{"line":123,"column":18},"end":{"line":123,"column":24}},"50":{"start":{"line":126,"column":16},"end":{"line":126,"column":35}},"51":{"start":{"line":127,"column":16},"end":{"line":131,"column":19}},"52":{"start":{"line":134,"column":16},"end":{"line":134,"column":68}},"53":{"start":{"line":137,"column":16},"end":{"line":137,"column":56}},"54":{"start":{"line":140,"column":16},"end":{"line":140,"column":36}},"55":{"start":{"line":141,"column":16},"end":{"line":141,"column":53}},"56":{"start":{"line":142,"column":16},"end":{"line":142,"column":35}},"57":{"start":{"line":146,"column":16},"end":{"line":146,"column":40}},"58":{"start":{"line":153,"column":8},"end":{"line":153,"column":56}},"59":{"start":{"line":156,"column":6},"end":{"line":156,"column":29}},"60":{"start":{"line":161,"column":26},"end":{"line":192,"column":9}},"61":{"start":{"line":165,"column":8},"end":{"line":191,"column":37}},"62":{"start":{"line":166,"column":10},"end":{"line":190,"column":11}},"63":{"start":{"line":167,"column":12},"end":{"line":189,"column":13}},"64":{"start":{"line":169,"column":16},"end":{"line":169,"column":35}},"65":{"start":{"line":170,"column":16},"end":{"line":170,"column":35}},"66":{"start":{"line":171,"column":16},"end":{"line":175,"column":19}},"67":{"start":{"line":178,"column":16},"end":{"line":178,"column":46}},"68":{"start":{"line":179,"column":16},"end":{"line":179,"column":64}},"69":{"start":{"line":182,"column":16},"end":{"line":182,"column":35}},"70":{"start":{"line":183,"column":16},"end":{"line":183,"column":53}},"71":{"start":{"line":184,"column":16},"end":{"line":184,"column":35}},"72":{"start":{"line":188,"column":16},"end":{"line":188,"column":40}},"73":{"start":{"line":195,"column":8},"end":{"line":195,"column":52}},"74":{"start":{"line":198,"column":6},"end":{"line":198,"column":26}},"75":{"start":{"line":203,"column":29},"end":{"line":252,"column":9}},"76":{"start":{"line":207,"column":8},"end":{"line":251,"column":38}},"77":{"start":{"line":208,"column":10},"end":{"line":250,"column":11}},"78":{"start":{"line":209,"column":12},"end":{"line":249,"column":13}},"79":{"start":{"line":211,"column":16},"end":{"line":211,"column":35}},"80":{"start":{"line":212,"column":16},"end":{"line":212,"column":35}},"81":{"start":{"line":213,"column":16},"end":{"line":217,"column":19}},"82":{"start":{"line":220,"column":16},"end":{"line":220,"column":51}},"83":{"start":{"line":222,"column":16},"end":{"line":225,"column":17}},"84":{"start":{"line":223,"column":18},"end":{"line":223,"column":37}},"85":{"start":{"line":224,"column":18},"end":{"line":224,"column":24}},"86":{"start":{"line":227,"column":16},"end":{"line":227,"column":35}},"87":{"start":{"line":228,"column":16},"end":{"line":232,"column":19}},"88":{"start":{"line":235,"column":16},"end":{"line":235,"column":50}},"89":{"start":{"line":236,"column":16},"end":{"line":236,"column":68}},"90":{"start":{"line":239,"column":16},"end":{"line":239,"column":56}},"91":{"start":{"line":242,"column":16},"end":{"line":242,"column":36}},"92":{"start":{"line":243,"column":16},"end":{"line":243,"column":53}},"93":{"start":{"line":244,"column":16},"end":{"line":244,"column":35}},"94":{"start":{"line":248,"column":16},"end":{"line":248,"column":40}},"95":{"start":{"line":255,"column":8},"end":{"line":255,"column":55}},"96":{"start":{"line":258,"column":6},"end":{"line":258,"column":29}},"97":{"start":{"line":261,"column":2},"end":{"line":261,"column":26}},"98":{"start":{"line":264,"column":15},"end":{"line":264,"column":31}},"99":{"start":{"line":265,"column":0},"end":{"line":265,"column":30}}},"fnMap":{"0":{"name":"(anonymous_0)","decl":{"start":{"line":22,"column":0},"end":{"line":22,"column":1}},"loc":{"start":{"line":22,"column":12},"end":{"line":262,"column":1}},"line":22},"1":{"name":"OrderItemService","decl":{"start":{"line":23,"column":11},"end":{"line":23,"column":27}},"loc":{"start":{"line":23,"column":30},"end":{"line":25,"column":3}},"line":23},"2":{"name":"(anonymous_2)","decl":{"start":{"line":29,"column":11},"end":{"line":29,"column":12}},"loc":{"start":{"line":29,"column":23},"end":{"line":62,"column":5}},"line":29},"3":{"name":"_callee","decl":{"start":{"line":32,"column":44},"end":{"line":32,"column":51}},"loc":{"start":{"line":32,"column":54},"end":{"line":55,"column":7}},"line":32},"4":{"name":"_callee$","decl":{"start":{"line":33,"column":53},"end":{"line":33,"column":61}},"loc":{"start":{"line":33,"column":72},"end":{"line":54,"column":9}},"line":33},"5":{"name":"getAllOrderItens","decl":{"start":{"line":57,"column":15},"end":{"line":57,"column":31}},"loc":{"start":{"line":57,"column":34},"end":{"line":59,"column":7}},"line":57},"6":{"name":"(anonymous_6)","decl":{"start":{"line":65,"column":11},"end":{"line":65,"column":12}},"loc":{"start":{"line":65,"column":23},"end":{"line":98,"column":5}},"line":65},"7":{"name":"_callee2","decl":{"start":{"line":68,"column":44},"end":{"line":68,"column":52}},"loc":{"start":{"line":68,"column":67},"end":{"line":91,"column":7}},"line":68},"8":{"name":"_callee2$","decl":{"start":{"line":69,"column":53},"end":{"line":69,"column":62}},"loc":{"start":{"line":69,"column":74},"end":{"line":90,"column":9}},"line":69},"9":{"name":"addOrderItem","decl":{"start":{"line":93,"column":15},"end":{"line":93,"column":27}},"loc":{"start":{"line":93,"column":32},"end":{"line":95,"column":7}},"line":93},"10":{"name":"(anonymous_10)","decl":{"start":{"line":101,"column":11},"end":{"line":101,"column":12}},"loc":{"start":{"line":101,"column":23},"end":{"line":157,"column":5}},"line":101},"11":{"name":"_callee3","decl":{"start":{"line":104,"column":44},"end":{"line":104,"column":52}},"loc":{"start":{"line":104,"column":75},"end":{"line":150,"column":7}},"line":104},"12":{"name":"_callee3$","decl":{"start":{"line":106,"column":53},"end":{"line":106,"column":62}},"loc":{"start":{"line":106,"column":74},"end":{"line":149,"column":9}},"line":106},"13":{"name":"updateOrderItem","decl":{"start":{"line":152,"column":15},"end":{"line":152,"column":30}},"loc":{"start":{"line":152,"column":41},"end":{"line":154,"column":7}},"line":152},"14":{"name":"(anonymous_14)","decl":{"start":{"line":160,"column":11},"end":{"line":160,"column":12}},"loc":{"start":{"line":160,"column":23},"end":{"line":199,"column":5}},"line":160},"15":{"name":"_callee4","decl":{"start":{"line":163,"column":44},"end":{"line":163,"column":52}},"loc":{"start":{"line":163,"column":57},"end":{"line":192,"column":7}},"line":163},"16":{"name":"_callee4$","decl":{"start":{"line":165,"column":53},"end":{"line":165,"column":62}},"loc":{"start":{"line":165,"column":74},"end":{"line":191,"column":9}},"line":165},"17":{"name":"getOrderItem","decl":{"start":{"line":194,"column":15},"end":{"line":194,"column":27}},"loc":{"start":{"line":194,"column":33},"end":{"line":196,"column":7}},"line":194},"18":{"name":"(anonymous_18)","decl":{"start":{"line":202,"column":11},"end":{"line":202,"column":12}},"loc":{"start":{"line":202,"column":23},"end":{"line":259,"column":5}},"line":202},"19":{"name":"_callee5","decl":{"start":{"line":205,"column":44},"end":{"line":205,"column":52}},"loc":{"start":{"line":205,"column":57},"end":{"line":252,"column":7}},"line":205},"20":{"name":"_callee5$","decl":{"start":{"line":207,"column":53},"end":{"line":207,"column":62}},"loc":{"start":{"line":207,"column":74},"end":{"line":251,"column":9}},"line":207},"21":{"name":"deleteOrderItem","decl":{"start":{"line":254,"column":15},"end":{"line":254,"column":30}},"loc":{"start":{"line":254,"column":36},"end":{"line":256,"column":7}},"line":254}},"branchMap":{"0":{"loc":{"start":{"line":35,"column":12},"end":{"line":52,"column":13}},"type":"switch","locations":[{"start":{"line":36,"column":14},"end":{"line":39,"column":64}},{"start":{"line":41,"column":14},"end":{"line":42,"column":64}},{"start":{"line":44,"column":14},"end":{"line":47,"column":34}},{"start":{"line":49,"column":14},"end":{"line":49,"column":21}},{"start":{"line":50,"column":14},"end":{"line":51,"column":39}}],"line":35},"1":{"loc":{"start":{"line":71,"column":12},"end":{"line":88,"column":13}},"type":"switch","locations":[{"start":{"line":72,"column":14},"end":{"line":75,"column":75}},{"start":{"line":77,"column":14},"end":{"line":78,"column":66}},{"start":{"line":80,"column":14},"end":{"line":83,"column":35}},{"start":{"line":85,"column":14},"end":{"line":85,"column":21}},{"start":{"line":86,"column":14},"end":{"line":87,"column":40}}],"line":71},"2":{"loc":{"start":{"line":108,"column":12},"end":{"line":147,"column":13}},"type":"switch","locations":[{"start":{"line":109,"column":14},"end":{"line":116,"column":19}},{"start":{"line":118,"column":14},"end":{"line":131,"column":19}},{"start":{"line":133,"column":14},"end":{"line":134,"column":68}},{"start":{"line":136,"column":14},"end":{"line":137,"column":56}},{"start":{"line":139,"column":14},"end":{"line":142,"column":35}},{"start":{"line":144,"column":14},"end":{"line":144,"column":22}},{"start":{"line":145,"column":14},"end":{"line":146,"column":40}}],"line":108},"3":{"loc":{"start":{"line":121,"column":16},"end":{"line":124,"column":17}},"type":"if","locations":[{"start":{"line":121,"column":16},"end":{"line":124,"column":17}},{"start":{"line":121,"column":16},"end":{"line":124,"column":17}}],"line":121},"4":{"loc":{"start":{"line":167,"column":12},"end":{"line":189,"column":13}},"type":"switch","locations":[{"start":{"line":168,"column":14},"end":{"line":175,"column":19}},{"start":{"line":177,"column":14},"end":{"line":179,"column":64}},{"start":{"line":181,"column":14},"end":{"line":184,"column":35}},{"start":{"line":186,"column":14},"end":{"line":186,"column":22}},{"start":{"line":187,"column":14},"end":{"line":188,"column":40}}],"line":167},"5":{"loc":{"start":{"line":209,"column":12},"end":{"line":249,"column":13}},"type":"switch","locations":[{"start":{"line":210,"column":14},"end":{"line":217,"column":19}},{"start":{"line":219,"column":14},"end":{"line":232,"column":19}},{"start":{"line":234,"column":14},"end":{"line":236,"column":68}},{"start":{"line":238,"column":14},"end":{"line":239,"column":56}},{"start":{"line":241,"column":14},"end":{"line":244,"column":35}},{"start":{"line":246,"column":14},"end":{"line":246,"column":22}},{"start":{"line":247,"column":14},"end":{"line":248,"column":40}}],"line":209},"6":{"loc":{"start":{"line":222,"column":16},"end":{"line":225,"column":17}},"type":"if","locations":[{"start":{"line":222,"column":16},"end":{"line":225,"column":17}},{"start":{"line":222,"column":16},"end":{"line":225,"column":17}}],"line":222}},"s":{"0":1,"1":1,"2":1,"3":1,"4":1,"5":1,"6":1,"7":1,"8":1,"9":0,"10":1,"11":1,"12":0,"13":0,"14":0,"15":0,"16":0,"17":0,"18":0,"19":0,"20":0,"21":0,"22":0,"23":0,"24":1,"25":1,"26":0,"27":0,"28":0,"29":0,"30":0,"31":0,"32":0,"33":0,"34":0,"35":0,"36":0,"37":0,"38":1,"39":1,"40":0,"41":0,"42":0,"43":0,"44":0,"45":0,"46":0,"47":0,"48":0,"49":0,"50":0,"51":0,"52":0,"53":0,"54":0,"55":0,"56":0,"57":0,"58":0,"59":1,"60":1,"61":0,"62":0,"63":0,"64":0,"65":0,"66":0,"67":0,"68":0,"69":0,"70":0,"71":0,"72":0,"73":0,"74":1,"75":1,"76":0,"77":0,"78":0,"79":0,"80":0,"81":0,"82":0,"83":0,"84":0,"85":0,"86":0,"87":0,"88":0,"89":0,"90":0,"91":0,"92":0,"93":0,"94":0,"95":0,"96":1,"97":1,"98":1,"99":1},"f":{"0":1,"1":0,"2":1,"3":0,"4":0,"5":0,"6":1,"7":0,"8":0,"9":0,"10":1,"11":0,"12":0,"13":0,"14":1,"15":0,"16":0,"17":0,"18":1,"19":0,"20":0,"21":0},"b":{"0":[0,0,0,0,0],"1":[0,0,0,0,0],"2":[0,0,0,0,0,0,0],"3":[0,0],"4":[0,0,0,0,0],"5":[0,0,0,0,0,0,0],"6":[0,0]},"inputSourceMap":{"version":3,"sources":["OrderItemService.js"],"names":["OrderItemService","database","Order_Itens","findAll","newOrderItem","create","id","updateOrderItem","findOne","where","Number","orderItemToUpdate","update","theOrderItem","orderItemToDelete","destroy","deletedOrderItem"],"mappings":";;;;;;;;;;;;;;;;;AAAA;;IAEMA,gB;;;;;;;;;;;;;;;;;;;uBAGaC,mBAASC,WAAT,CAAqBC,OAArB,E;;;;;;;;;;;;;;;;;;;;;;;;;;;;;qDAMSC,Y;;;;;;;uBAETH,mBAASC,WAAT,CAAqBG,MAArB,CAA4BD,YAA5B,C;;;;;;;;;;;;;;;;;;;;;;;;;;;;;qDAMYE,E,EAAIC,gB;;;;;;;;uBAEGN,mBAASC,WAAT,CAAqBM,OAArB,CAA6B;AAC3DC,kBAAAA,KAAK,EAAE;AAAEH,oBAAAA,EAAE,EAAEI,MAAM,CAACJ,EAAD;AAAZ;AADoD,iBAA7B,C;;;AAA1BK,gBAAAA,iB;;qBAIFA,iB;;;;;;uBACIV,mBAASC,WAAT,CAAqBU,MAArB,CAA4BL,gBAA5B,EAA6C;AAAEE,kBAAAA,KAAK,EAAE;AAAEH,oBAAAA,EAAE,EAAEI,MAAM,CAACJ,EAAD;AAAZ;AAAT,iBAA7C,C;;;kDAECC,gB;;;kDAEF,I;;;;;;;;;;;;;;;;;;;;;;;;;;qDAMeD,E;;;;;;;;uBAEKL,mBAASC,WAAT,CAAqBM,OAArB,CAA6B;AACtDC,kBAAAA,KAAK,EAAE;AAAEH,oBAAAA,EAAE,EAAEI,MAAM,CAACJ,EAAD;AAAZ;AAD+C,iBAA7B,C;;;AAArBO,gBAAAA,Y;kDAICA,Y;;;;;;;;;;;;;;;;;;;;;;;;;;qDAMoBP,E;;;;;;;;uBAEOL,mBAASC,WAAT,CAAqBM,OAArB,CAA6B;AAAEC,kBAAAA,KAAK,EAAE;AAAEH,oBAAAA,EAAE,EAAEI,MAAM,CAACJ,EAAD;AAAZ;AAAT,iBAA7B,C;;;AAA1BQ,gBAAAA,iB;;qBAEFA,iB;;;;;;uBAC6Bb,mBAASC,WAAT,CAAqBa,OAArB,CAA6B;AAC1DN,kBAAAA,KAAK,EAAE;AAAEH,oBAAAA,EAAE,EAAEI,MAAM,CAACJ,EAAD;AAAZ;AADmD,iBAA7B,C;;;AAAzBU,gBAAAA,gB;kDAGCA,gB;;;kDAEF,I;;;;;;;;;;;;;;;;;;;;;;;;;eAOAhB,gB","sourceRoot":"/app/api/server/services","sourcesContent":["import database from '../src/models';\n\nclass OrderItemService {\n  static async getAllOrderItens() {\n    try {\n      return await database.Order_Itens.findAll()\n    } catch (error) {\n      throw error\n    }\n  }\n\n  static async addOrderItem(newOrderItem) {\n    try {\n      return await database.Order_Itens.create(newOrderItem)\n    } catch (error) {\n      throw error\n    }\n  }\n\n  static async updateOrderItem(id, updateOrderItem) {\n    try {\n      const orderItemToUpdate = await database.Order_Itens.findOne({\n        where: { id: Number(id) }\n      })\n\n      if (orderItemToUpdate) {\n        await database.Order_Itens.update(updateOrderItem, { where: { id: Number(id) } })\n\n        return updateOrderItem\n      }\n      return null\n    } catch (error) {\n      throw error\n    }\n  }\n\n  static async getOrderItem(id) {\n    try {\n      const theOrderItem = await database.Order_Itens.findOne({\n        where: { id: Number(id) }\n      })\n\n      return theOrderItem\n    } catch (error) {\n      throw error\n    }\n  }\n\n    static async deleteOrderItem(id) {\n      try {\n        const orderItemToDelete = await database.Order_Itens.findOne({ where: { id: Number(id) } })\n\n        if (orderItemToDelete) {\n          const deletedOrderItem = await database.Order_Itens.destroy({\n            where: { id: Number(id) }\n          })\n          return deletedOrderItem\n        }\n        return null\n      } catch (error) {\n        throw error\n      }\n    }\n}\n\nexport default OrderItemService;"]},"_coverageSchema":"1a1c01bbd47fc00a2c39e90264f33305004495a9","hash":"4d5f1232e8a3b596d82b3179e810e50999666c59","contentHash":"106fab53482a516f319fb61fc9cd629a84e9cadcbd475ca38740cf804e764170"}}